This file contains any messages produced by compilers while
running configure, to aid debugging if configure makes a mistake.

It was created by Bitcoin Core configure 0.9.0, which was
generated by GNU Autoconf 2.68.  Invocation command line was

  $ ./configure 

## --------- ##
## Platform. ##
## --------- ##

hostname = ubuntu
uname -m = x86_64
uname -r = 3.11.0-15-generic
uname -s = Linux
uname -v = #25~precise1-Ubuntu SMP Thu Jan 30 17:39:31 UTC 2014

/usr/bin/uname -p = unknown
/bin/uname -X     = unknown

/bin/arch              = unknown
/usr/bin/arch -k       = unknown
/usr/convex/getsysinfo = unknown
/usr/bin/hostinfo      = unknown
/bin/machine           = unknown
/usr/bin/oslevel       = unknown
/bin/universe          = unknown

PATH: /usr/lib/lightdm/lightdm
PATH: /usr/local/sbin
PATH: /usr/local/bin
PATH: /usr/sbin
PATH: /usr/bin
PATH: /sbin
PATH: /bin
PATH: /usr/games


## ----------- ##
## Core tests. ##
## ----------- ##

configure:2587: checking build system type
configure:2601: result: x86_64-unknown-linux-gnu
configure:2621: checking host system type
configure:2634: result: x86_64-unknown-linux-gnu
configure:2775: checking for a BSD-compatible install
configure:2843: result: /usr/bin/install -c
configure:2854: checking whether build environment is sane
configure:2904: result: yes
configure:3045: checking for a thread-safe mkdir -p
configure:3084: result: /bin/mkdir -p
configure:3097: checking for gawk
configure:3127: result: no
configure:3097: checking for mawk
configure:3113: found /usr/bin/mawk
configure:3124: result: mawk
configure:3135: checking whether make sets $(MAKE)
configure:3157: result: yes
configure:3230: checking whether to enable maintainer-specific portions of Makefiles
configure:3239: result: yes
configure:3264: checking whether make supports nested variables
configure:3281: result: yes
configure:3455: checking for g++
configure:3471: found /usr/bin/g++
configure:3482: result: g++
configure:3509: checking for C++ compiler version
configure:3518: g++ --version >&5
g++ (Ubuntu/Linaro 4.6.3-1ubuntu5) 4.6.3
Copyright (C) 2011 Free Software Foundation, Inc.
This is free software; see the source for copying conditions.  There is NO
warranty; not even for MERCHANTABILITY or FITNESS FOR A PARTICULAR PURPOSE.

configure:3529: $? = 0
configure:3518: g++ -v >&5
Using built-in specs.
COLLECT_GCC=g++
COLLECT_LTO_WRAPPER=/usr/lib/gcc/x86_64-linux-gnu/4.6/lto-wrapper
Target: x86_64-linux-gnu
Configured with: ../src/configure -v --with-pkgversion='Ubuntu/Linaro 4.6.3-1ubuntu5' --with-bugurl=file:///usr/share/doc/gcc-4.6/README.Bugs --enable-languages=c,c++,fortran,objc,obj-c++ --prefix=/usr --program-suffix=-4.6 --enable-shared --enable-linker-build-id --with-system-zlib --libexecdir=/usr/lib --without-included-gettext --enable-threads=posix --with-gxx-include-dir=/usr/include/c++/4.6 --libdir=/usr/lib --enable-nls --with-sysroot=/ --enable-clocale=gnu --enable-libstdcxx-debug --enable-libstdcxx-time=yes --enable-gnu-unique-object --enable-plugin --enable-objc-gc --disable-werror --with-arch-32=i686 --with-tune=generic --enable-checking=release --build=x86_64-linux-gnu --host=x86_64-linux-gnu --target=x86_64-linux-gnu
Thread model: posix
gcc version 4.6.3 (Ubuntu/Linaro 4.6.3-1ubuntu5) 
configure:3529: $? = 0
configure:3518: g++ -V >&5
g++: error: unrecognized option '-V'
g++: fatal error: no input files
compilation terminated.
configure:3529: $? = 4
configure:3518: g++ -qversion >&5
g++: error: unrecognized option '-qversion'
g++: fatal error: no input files
compilation terminated.
configure:3529: $? = 4
configure:3549: checking whether the C++ compiler works
configure:3571: g++    conftest.cpp  >&5
configure:3575: $? = 0
configure:3623: result: yes
configure:3626: checking for C++ compiler default output file name
configure:3628: result: a.out
configure:3634: checking for suffix of executables
configure:3641: g++ -o conftest    conftest.cpp  >&5
configure:3645: $? = 0
configure:3667: result: 
configure:3689: checking whether we are cross compiling
configure:3697: g++ -o conftest    conftest.cpp  >&5
configure:3701: $? = 0
configure:3708: ./conftest
configure:3712: $? = 0
configure:3727: result: no
configure:3732: checking for suffix of object files
configure:3754: g++ -c   conftest.cpp >&5
configure:3758: $? = 0
configure:3779: result: o
configure:3783: checking whether we are using the GNU C++ compiler
configure:3802: g++ -c   conftest.cpp >&5
configure:3802: $? = 0
configure:3811: result: yes
configure:3820: checking whether g++ accepts -g
configure:3840: g++ -c -g  conftest.cpp >&5
configure:3840: $? = 0
configure:3881: result: yes
configure:3915: checking for style of include used by make
configure:3943: result: GNU
configure:3969: checking dependency style of g++
configure:4080: result: gcc3
configure:4143: checking for gcc
configure:4159: found /usr/bin/gcc
configure:4170: result: gcc
configure:4399: checking for C compiler version
configure:4408: gcc --version >&5
gcc (Ubuntu/Linaro 4.6.3-1ubuntu5) 4.6.3
Copyright (C) 2011 Free Software Foundation, Inc.
This is free software; see the source for copying conditions.  There is NO
warranty; not even for MERCHANTABILITY or FITNESS FOR A PARTICULAR PURPOSE.

configure:4419: $? = 0
configure:4408: gcc -v >&5
Using built-in specs.
COLLECT_GCC=gcc
COLLECT_LTO_WRAPPER=/usr/lib/gcc/x86_64-linux-gnu/4.6/lto-wrapper
Target: x86_64-linux-gnu
Configured with: ../src/configure -v --with-pkgversion='Ubuntu/Linaro 4.6.3-1ubuntu5' --with-bugurl=file:///usr/share/doc/gcc-4.6/README.Bugs --enable-languages=c,c++,fortran,objc,obj-c++ --prefix=/usr --program-suffix=-4.6 --enable-shared --enable-linker-build-id --with-system-zlib --libexecdir=/usr/lib --without-included-gettext --enable-threads=posix --with-gxx-include-dir=/usr/include/c++/4.6 --libdir=/usr/lib --enable-nls --with-sysroot=/ --enable-clocale=gnu --enable-libstdcxx-debug --enable-libstdcxx-time=yes --enable-gnu-unique-object --enable-plugin --enable-objc-gc --disable-werror --with-arch-32=i686 --with-tune=generic --enable-checking=release --build=x86_64-linux-gnu --host=x86_64-linux-gnu --target=x86_64-linux-gnu
Thread model: posix
gcc version 4.6.3 (Ubuntu/Linaro 4.6.3-1ubuntu5) 
configure:4419: $? = 0
configure:4408: gcc -V >&5
gcc: error: unrecognized option '-V'
gcc: fatal error: no input files
compilation terminated.
configure:4419: $? = 4
configure:4408: gcc -qversion >&5
gcc: error: unrecognized option '-qversion'
gcc: fatal error: no input files
compilation terminated.
configure:4419: $? = 4
configure:4423: checking whether we are using the GNU C compiler
configure:4442: gcc -c   conftest.c >&5
configure:4442: $? = 0
configure:4451: result: yes
configure:4460: checking whether gcc accepts -g
configure:4480: gcc -c -g  conftest.c >&5
configure:4480: $? = 0
configure:4521: result: yes
configure:4538: checking for gcc option to accept ISO C89
configure:4602: gcc  -c -g -O2  conftest.c >&5
configure:4602: $? = 0
configure:4615: result: none needed
configure:4637: checking dependency style of gcc
configure:4748: result: gcc3
configure:4768: checking how to run the C preprocessor
configure:4799: gcc -E  conftest.c
configure:4799: $? = 0
configure:4813: gcc -E  conftest.c
conftest.c:9:28: fatal error: ac_nonexistent.h: No such file or directory
compilation terminated.
configure:4813: $? = 1
configure: failed program was:
| /* confdefs.h */
| #define PACKAGE_NAME "Bitcoin Core"
| #define PACKAGE_TARNAME "bitcoin"
| #define PACKAGE_VERSION "0.9.0"
| #define PACKAGE_STRING "Bitcoin Core 0.9.0"
| #define PACKAGE_BUGREPORT "info@bitcoin.org"
| #define PACKAGE_URL ""
| /* end confdefs.h.  */
| #include <ac_nonexistent.h>
configure:4838: result: gcc -E
configure:4858: gcc -E  conftest.c
configure:4858: $? = 0
configure:4872: gcc -E  conftest.c
conftest.c:9:28: fatal error: ac_nonexistent.h: No such file or directory
compilation terminated.
configure:4872: $? = 1
configure: failed program was:
| /* confdefs.h */
| #define PACKAGE_NAME "Bitcoin Core"
| #define PACKAGE_TARNAME "bitcoin"
| #define PACKAGE_VERSION "0.9.0"
| #define PACKAGE_STRING "Bitcoin Core 0.9.0"
| #define PACKAGE_BUGREPORT "info@bitcoin.org"
| #define PACKAGE_URL ""
| /* end confdefs.h.  */
| #include <ac_nonexistent.h>
configure:4905: checking how to run the C++ preprocessor
configure:4932: g++ -E  conftest.cpp
configure:4932: $? = 0
configure:4946: g++ -E  conftest.cpp
conftest.cpp:9:28: fatal error: ac_nonexistent.h: No such file or directory
compilation terminated.
configure:4946: $? = 1
configure: failed program was:
| /* confdefs.h */
| #define PACKAGE_NAME "Bitcoin Core"
| #define PACKAGE_TARNAME "bitcoin"
| #define PACKAGE_VERSION "0.9.0"
| #define PACKAGE_STRING "Bitcoin Core 0.9.0"
| #define PACKAGE_BUGREPORT "info@bitcoin.org"
| #define PACKAGE_URL ""
| /* end confdefs.h.  */
| #include <ac_nonexistent.h>
configure:4971: result: g++ -E
configure:4991: g++ -E  conftest.cpp
configure:4991: $? = 0
configure:5005: g++ -E  conftest.cpp
conftest.cpp:9:28: fatal error: ac_nonexistent.h: No such file or directory
compilation terminated.
configure:5005: $? = 1
configure: failed program was:
| /* confdefs.h */
| #define PACKAGE_NAME "Bitcoin Core"
| #define PACKAGE_TARNAME "bitcoin"
| #define PACKAGE_VERSION "0.9.0"
| #define PACKAGE_STRING "Bitcoin Core 0.9.0"
| #define PACKAGE_BUGREPORT "info@bitcoin.org"
| #define PACKAGE_URL ""
| /* end confdefs.h.  */
| #include <ac_nonexistent.h>
configure:5088: checking for gcc
configure:5104: found /usr/bin/gcc
configure:5115: result: gcc
configure:5140: checking for Objective C compiler version
configure:5149: gcc --version >&5
gcc (Ubuntu/Linaro 4.6.3-1ubuntu5) 4.6.3
Copyright (C) 2011 Free Software Foundation, Inc.
This is free software; see the source for copying conditions.  There is NO
warranty; not even for MERCHANTABILITY or FITNESS FOR A PARTICULAR PURPOSE.

configure:5160: $? = 0
configure:5149: gcc -v >&5
Using built-in specs.
COLLECT_GCC=gcc
COLLECT_LTO_WRAPPER=/usr/lib/gcc/x86_64-linux-gnu/4.6/lto-wrapper
Target: x86_64-linux-gnu
Configured with: ../src/configure -v --with-pkgversion='Ubuntu/Linaro 4.6.3-1ubuntu5' --with-bugurl=file:///usr/share/doc/gcc-4.6/README.Bugs --enable-languages=c,c++,fortran,objc,obj-c++ --prefix=/usr --program-suffix=-4.6 --enable-shared --enable-linker-build-id --with-system-zlib --libexecdir=/usr/lib --without-included-gettext --enable-threads=posix --with-gxx-include-dir=/usr/include/c++/4.6 --libdir=/usr/lib --enable-nls --with-sysroot=/ --enable-clocale=gnu --enable-libstdcxx-debug --enable-libstdcxx-time=yes --enable-gnu-unique-object --enable-plugin --enable-objc-gc --disable-werror --with-arch-32=i686 --with-tune=generic --enable-checking=release --build=x86_64-linux-gnu --host=x86_64-linux-gnu --target=x86_64-linux-gnu
Thread model: posix
gcc version 4.6.3 (Ubuntu/Linaro 4.6.3-1ubuntu5) 
configure:5160: $? = 0
configure:5149: gcc -V >&5
gcc: error: unrecognized option '-V'
gcc: fatal error: no input files
compilation terminated.
configure:5160: $? = 4
configure:5149: gcc -qversion >&5
gcc: error: unrecognized option '-qversion'
gcc: fatal error: no input files
compilation terminated.
configure:5160: $? = 4
configure:5164: checking whether we are using the GNU Objective C compiler
configure:5183: gcc -c   conftest.m >&5
gcc: error trying to exec 'cc1obj': execvp: No such file or directory
configure:5183: $? = 1
configure: failed program was:
| /* confdefs.h */
| #define PACKAGE_NAME "Bitcoin Core"
| #define PACKAGE_TARNAME "bitcoin"
| #define PACKAGE_VERSION "0.9.0"
| #define PACKAGE_STRING "Bitcoin Core 0.9.0"
| #define PACKAGE_BUGREPORT "info@bitcoin.org"
| #define PACKAGE_URL ""
| /* end confdefs.h.  */
| 
| int
| main ()
| {
| #ifndef __GNUC__
|        choke me
| #endif
| 
|   ;
|   return 0;
| }
configure:5192: result: no
configure:5201: checking whether gcc accepts -g
configure:5221: gcc -c -g  conftest.m >&5
gcc: error trying to exec 'cc1obj': execvp: No such file or directory
configure:5221: $? = 1
configure: failed program was:
| /* confdefs.h */
| #define PACKAGE_NAME "Bitcoin Core"
| #define PACKAGE_TARNAME "bitcoin"
| #define PACKAGE_VERSION "0.9.0"
| #define PACKAGE_STRING "Bitcoin Core 0.9.0"
| #define PACKAGE_BUGREPORT "info@bitcoin.org"
| #define PACKAGE_URL ""
| /* end confdefs.h.  */
| 
| int
| main ()
| {
| 
|   ;
|   return 0;
| }
configure:5236: gcc -c   conftest.m >&5
gcc: error trying to exec 'cc1obj': execvp: No such file or directory
configure:5236: $? = 1
configure: failed program was:
| /* confdefs.h */
| #define PACKAGE_NAME "Bitcoin Core"
| #define PACKAGE_TARNAME "bitcoin"
| #define PACKAGE_VERSION "0.9.0"
| #define PACKAGE_STRING "Bitcoin Core 0.9.0"
| #define PACKAGE_BUGREPORT "info@bitcoin.org"
| #define PACKAGE_URL ""
| /* end confdefs.h.  */
| 
| int
| main ()
| {
| 
|   ;
|   return 0;
| }
configure:5252: gcc -c -g  conftest.m >&5
gcc: error trying to exec 'cc1obj': execvp: No such file or directory
configure:5252: $? = 1
configure: failed program was:
| /* confdefs.h */
| #define PACKAGE_NAME "Bitcoin Core"
| #define PACKAGE_TARNAME "bitcoin"
| #define PACKAGE_VERSION "0.9.0"
| #define PACKAGE_STRING "Bitcoin Core 0.9.0"
| #define PACKAGE_BUGREPORT "info@bitcoin.org"
| #define PACKAGE_URL ""
| /* end confdefs.h.  */
| 
| int
| main ()
| {
| 
|   ;
|   return 0;
| }
configure:5262: result: no
configure:5287: checking dependency style of gcc
configure:5396: result: gcc3
configure:5465: checking for g++
configure:5481: found /usr/bin/g++
configure:5492: result: g++
configure:5517: checking for Objective C++ compiler version
configure:5526: g++ --version >&5
g++ (Ubuntu/Linaro 4.6.3-1ubuntu5) 4.6.3
Copyright (C) 2011 Free Software Foundation, Inc.
This is free software; see the source for copying conditions.  There is NO
warranty; not even for MERCHANTABILITY or FITNESS FOR A PARTICULAR PURPOSE.

configure:5537: $? = 0
configure:5526: g++ -v >&5
Using built-in specs.
COLLECT_GCC=g++
COLLECT_LTO_WRAPPER=/usr/lib/gcc/x86_64-linux-gnu/4.6/lto-wrapper
Target: x86_64-linux-gnu
Configured with: ../src/configure -v --with-pkgversion='Ubuntu/Linaro 4.6.3-1ubuntu5' --with-bugurl=file:///usr/share/doc/gcc-4.6/README.Bugs --enable-languages=c,c++,fortran,objc,obj-c++ --prefix=/usr --program-suffix=-4.6 --enable-shared --enable-linker-build-id --with-system-zlib --libexecdir=/usr/lib --without-included-gettext --enable-threads=posix --with-gxx-include-dir=/usr/include/c++/4.6 --libdir=/usr/lib --enable-nls --with-sysroot=/ --enable-clocale=gnu --enable-libstdcxx-debug --enable-libstdcxx-time=yes --enable-gnu-unique-object --enable-plugin --enable-objc-gc --disable-werror --with-arch-32=i686 --with-tune=generic --enable-checking=release --build=x86_64-linux-gnu --host=x86_64-linux-gnu --target=x86_64-linux-gnu
Thread model: posix
gcc version 4.6.3 (Ubuntu/Linaro 4.6.3-1ubuntu5) 
configure:5537: $? = 0
configure:5526: g++ -V >&5
g++: error: unrecognized option '-V'
g++: fatal error: no input files
compilation terminated.
configure:5537: $? = 4
configure:5526: g++ -qversion >&5
g++: error: unrecognized option '-qversion'
g++: fatal error: no input files
compilation terminated.
configure:5537: $? = 4
configure:5541: checking whether we are using the GNU Objective C++ compiler
configure:5560: g++ -c   conftest.mm >&5
g++: error trying to exec 'cc1objplus': execvp: No such file or directory
configure:5560: $? = 1
configure: failed program was:
| /* confdefs.h */
| #define PACKAGE_NAME "Bitcoin Core"
| #define PACKAGE_TARNAME "bitcoin"
| #define PACKAGE_VERSION "0.9.0"
| #define PACKAGE_STRING "Bitcoin Core 0.9.0"
| #define PACKAGE_BUGREPORT "info@bitcoin.org"
| #define PACKAGE_URL ""
| /* end confdefs.h.  */
| 
| int
| main ()
| {
| #ifndef __GNUC__
|        choke me
| #endif
| 
|   ;
|   return 0;
| }
configure:5569: result: no
configure:5578: checking whether g++ accepts -g
configure:5598: g++ -c -g  conftest.mm >&5
g++: error trying to exec 'cc1objplus': execvp: No such file or directory
configure:5598: $? = 1
configure: failed program was:
| /* confdefs.h */
| #define PACKAGE_NAME "Bitcoin Core"
| #define PACKAGE_TARNAME "bitcoin"
| #define PACKAGE_VERSION "0.9.0"
| #define PACKAGE_STRING "Bitcoin Core 0.9.0"
| #define PACKAGE_BUGREPORT "info@bitcoin.org"
| #define PACKAGE_URL ""
| /* end confdefs.h.  */
| 
| int
| main ()
| {
| 
|   ;
|   return 0;
| }
configure:5613: g++ -c   conftest.mm >&5
g++: error trying to exec 'cc1objplus': execvp: No such file or directory
configure:5613: $? = 1
configure: failed program was:
| /* confdefs.h */
| #define PACKAGE_NAME "Bitcoin Core"
| #define PACKAGE_TARNAME "bitcoin"
| #define PACKAGE_VERSION "0.9.0"
| #define PACKAGE_STRING "Bitcoin Core 0.9.0"
| #define PACKAGE_BUGREPORT "info@bitcoin.org"
| #define PACKAGE_URL ""
| /* end confdefs.h.  */
| 
| int
| main ()
| {
| 
|   ;
|   return 0;
| }
configure:5629: g++ -c -g  conftest.mm >&5
g++: error trying to exec 'cc1objplus': execvp: No such file or directory
configure:5629: $? = 1
configure: failed program was:
| /* confdefs.h */
| #define PACKAGE_NAME "Bitcoin Core"
| #define PACKAGE_TARNAME "bitcoin"
| #define PACKAGE_VERSION "0.9.0"
| #define PACKAGE_STRING "Bitcoin Core 0.9.0"
| #define PACKAGE_BUGREPORT "info@bitcoin.org"
| #define PACKAGE_URL ""
| /* end confdefs.h.  */
| 
| int
| main ()
| {
| 
|   ;
|   return 0;
| }
configure:5639: result: no
configure:5663: checking for a sed that does not truncate output
configure:5727: result: /bin/sed
configure:5778: checking for ar
configure:5796: found /usr/bin/ar
configure:5808: result: /usr/bin/ar
configure:5876: checking for ranlib
configure:5894: found /usr/bin/ranlib
configure:5906: result: /usr/bin/ranlib
configure:5974: checking for strip
configure:5992: found /usr/bin/strip
configure:6004: result: /usr/bin/strip
configure:6072: checking for gcov
configure:6090: found /usr/bin/gcov
configure:6102: result: /usr/bin/gcov
configure:6126: checking for lcov
configure:6159: result: no
configure:6166: checking for java
configure:6199: result: no
configure:6206: checking for genhtml
configure:6239: result: no
configure:6246: checking for git
configure:6264: found /usr/bin/git
configure:6276: result: /usr/bin/git
configure:6286: checking for ccache
configure:6319: result: no
configure:6326: checking for xgettext
configure:6359: result: no
configure:6366: checking for hexdump
configure:6384: found /usr/bin/hexdump
configure:6396: result: /usr/bin/hexdump
configure:6458: checking for pkg-config
configure:6476: found /usr/bin/pkg-config
configure:6488: result: /usr/bin/pkg-config
configure:6513: checking pkg-config is at least version 0.9.0
configure:6516: result: yes
configure:7786: checking for grep that handles long lines and -e
configure:7844: result: /bin/grep
configure:7849: checking for egrep
configure:7911: result: /bin/grep -E
configure:7916: checking for ANSI C header files
configure:7936: g++ -c -g -O2 -Wall -Wextra -Wformat -Wformat-security -Wno-unused-parameter  -DBOOST_SPIRIT_THREADSAFE -DHAVE_BUILD_INFO -D__STDC_FORMAT_MACROS conftest.cpp >&5
configure:7936: $? = 0
configure:8009: g++ -o conftest -g -O2 -Wall -Wextra -Wformat -Wformat-security -Wno-unused-parameter  -DBOOST_SPIRIT_THREADSAFE -DHAVE_BUILD_INFO -D__STDC_FORMAT_MACROS  conftest.cpp  >&5
configure:8009: $? = 0
configure:8009: ./conftest
configure:8009: $? = 0
configure:8020: result: yes
configure:8033: checking for sys/types.h
configure:8033: g++ -c -g -O2 -Wall -Wextra -Wformat -Wformat-security -Wno-unused-parameter  -DBOOST_SPIRIT_THREADSAFE -DHAVE_BUILD_INFO -D__STDC_FORMAT_MACROS conftest.cpp >&5
configure:8033: $? = 0
configure:8033: result: yes
configure:8033: checking for sys/stat.h
configure:8033: g++ -c -g -O2 -Wall -Wextra -Wformat -Wformat-security -Wno-unused-parameter  -DBOOST_SPIRIT_THREADSAFE -DHAVE_BUILD_INFO -D__STDC_FORMAT_MACROS conftest.cpp >&5
configure:8033: $? = 0
configure:8033: result: yes
configure:8033: checking for stdlib.h
configure:8033: g++ -c -g -O2 -Wall -Wextra -Wformat -Wformat-security -Wno-unused-parameter  -DBOOST_SPIRIT_THREADSAFE -DHAVE_BUILD_INFO -D__STDC_FORMAT_MACROS conftest.cpp >&5
configure:8033: $? = 0
configure:8033: result: yes
configure:8033: checking for string.h
configure:8033: g++ -c -g -O2 -Wall -Wextra -Wformat -Wformat-security -Wno-unused-parameter  -DBOOST_SPIRIT_THREADSAFE -DHAVE_BUILD_INFO -D__STDC_FORMAT_MACROS conftest.cpp >&5
configure:8033: $? = 0
configure:8033: result: yes
configure:8033: checking for memory.h
configure:8033: g++ -c -g -O2 -Wall -Wextra -Wformat -Wformat-security -Wno-unused-parameter  -DBOOST_SPIRIT_THREADSAFE -DHAVE_BUILD_INFO -D__STDC_FORMAT_MACROS conftest.cpp >&5
configure:8033: $? = 0
configure:8033: result: yes
configure:8033: checking for strings.h
configure:8033: g++ -c -g -O2 -Wall -Wextra -Wformat -Wformat-security -Wno-unused-parameter  -DBOOST_SPIRIT_THREADSAFE -DHAVE_BUILD_INFO -D__STDC_FORMAT_MACROS conftest.cpp >&5
configure:8033: $? = 0
configure:8033: result: yes
configure:8033: checking for inttypes.h
configure:8033: g++ -c -g -O2 -Wall -Wextra -Wformat -Wformat-security -Wno-unused-parameter  -DBOOST_SPIRIT_THREADSAFE -DHAVE_BUILD_INFO -D__STDC_FORMAT_MACROS conftest.cpp >&5
configure:8033: $? = 0
configure:8033: result: yes
configure:8033: checking for stdint.h
configure:8033: g++ -c -g -O2 -Wall -Wextra -Wformat -Wformat-security -Wno-unused-parameter  -DBOOST_SPIRIT_THREADSAFE -DHAVE_BUILD_INFO -D__STDC_FORMAT_MACROS conftest.cpp >&5
configure:8033: $? = 0
configure:8033: result: yes
configure:8033: checking for unistd.h
configure:8033: g++ -c -g -O2 -Wall -Wextra -Wformat -Wformat-security -Wno-unused-parameter  -DBOOST_SPIRIT_THREADSAFE -DHAVE_BUILD_INFO -D__STDC_FORMAT_MACROS conftest.cpp >&5
configure:8033: $? = 0
configure:8033: result: yes
configure:8045: checking whether byte ordering is bigendian
configure:8060: g++ -c -g -O2 -Wall -Wextra -Wformat -Wformat-security -Wno-unused-parameter  -DBOOST_SPIRIT_THREADSAFE -DHAVE_BUILD_INFO -D__STDC_FORMAT_MACROS conftest.cpp >&5
conftest.cpp:20:9: error: expected unqualified-id before 'not' token
configure:8060: $? = 1
configure: failed program was:
| /* confdefs.h */
| #define PACKAGE_NAME "Bitcoin Core"
| #define PACKAGE_TARNAME "bitcoin"
| #define PACKAGE_VERSION "0.9.0"
| #define PACKAGE_STRING "Bitcoin Core 0.9.0"
| #define PACKAGE_BUGREPORT "info@bitcoin.org"
| #define PACKAGE_URL ""
| #define STDC_HEADERS 1
| #define HAVE_SYS_TYPES_H 1
| #define HAVE_SYS_STAT_H 1
| #define HAVE_STDLIB_H 1
| #define HAVE_STRING_H 1
| #define HAVE_MEMORY_H 1
| #define HAVE_STRINGS_H 1
| #define HAVE_INTTYPES_H 1
| #define HAVE_STDINT_H 1
| #define HAVE_UNISTD_H 1
| /* end confdefs.h.  */
| #ifndef __APPLE_CC__
| 	       not a universal capable compiler
| 	     #endif
| 	     typedef int dummy;
| 
configure:8105: g++ -c -g -O2 -Wall -Wextra -Wformat -Wformat-security -Wno-unused-parameter  -DBOOST_SPIRIT_THREADSAFE -DHAVE_BUILD_INFO -D__STDC_FORMAT_MACROS conftest.cpp >&5
configure:8105: $? = 0
configure:8123: g++ -c -g -O2 -Wall -Wextra -Wformat -Wformat-security -Wno-unused-parameter  -DBOOST_SPIRIT_THREADSAFE -DHAVE_BUILD_INFO -D__STDC_FORMAT_MACROS conftest.cpp >&5
conftest.cpp: In function 'int main()':
conftest.cpp:26:8: error: 'big' was not declared in this scope
conftest.cpp:26:12: error: expected ';' before 'endian'
configure:8123: $? = 1
configure: failed program was:
| /* confdefs.h */
| #define PACKAGE_NAME "Bitcoin Core"
| #define PACKAGE_TARNAME "bitcoin"
| #define PACKAGE_VERSION "0.9.0"
| #define PACKAGE_STRING "Bitcoin Core 0.9.0"
| #define PACKAGE_BUGREPORT "info@bitcoin.org"
| #define PACKAGE_URL ""
| #define STDC_HEADERS 1
| #define HAVE_SYS_TYPES_H 1
| #define HAVE_SYS_STAT_H 1
| #define HAVE_STDLIB_H 1
| #define HAVE_STRING_H 1
| #define HAVE_MEMORY_H 1
| #define HAVE_STRINGS_H 1
| #define HAVE_INTTYPES_H 1
| #define HAVE_STDINT_H 1
| #define HAVE_UNISTD_H 1
| /* end confdefs.h.  */
| #include <sys/types.h>
| 		#include <sys/param.h>
| 
| int
| main ()
| {
| #if BYTE_ORDER != BIG_ENDIAN
| 		 not big endian
| 		#endif
| 
|   ;
|   return 0;
| }
configure:8251: result: no
configure:8382: checking if compiler needs -Werror to reject unknown flags
configure:8398: gcc -c -g -O2 -Werror -Wunknown-warning-option -Wsizeof-array-argument  -DBOOST_SPIRIT_THREADSAFE -DHAVE_BUILD_INFO -D__STDC_FORMAT_MACROS conftest.c >&5
cc1: error: unrecognized command line option '-Wunknown-warning-option'
cc1: error: unrecognized command line option '-Wsizeof-array-argument'
configure:8398: $? = 1
configure: failed program was:
| /* confdefs.h */
| #define PACKAGE_NAME "Bitcoin Core"
| #define PACKAGE_TARNAME "bitcoin"
| #define PACKAGE_VERSION "0.9.0"
| #define PACKAGE_STRING "Bitcoin Core 0.9.0"
| #define PACKAGE_BUGREPORT "info@bitcoin.org"
| #define PACKAGE_URL ""
| #define STDC_HEADERS 1
| #define HAVE_SYS_TYPES_H 1
| #define HAVE_SYS_STAT_H 1
| #define HAVE_STDLIB_H 1
| #define HAVE_STRING_H 1
| #define HAVE_MEMORY_H 1
| #define HAVE_STRINGS_H 1
| #define HAVE_INTTYPES_H 1
| #define HAVE_STDINT_H 1
| #define HAVE_UNISTD_H 1
| /* end confdefs.h.  */
| int foo(void);
| int
| main ()
| {
| foo()
|   ;
|   return 0;
| }
configure:8403: result: no
configure:8469: checking for the pthreads library -lpthreads
configure:8507: gcc -o conftest -g -O2    -DBOOST_SPIRIT_THREADSAFE -DHAVE_BUILD_INFO -D__STDC_FORMAT_MACROS  conftest.c -lpthreads  >&5
/usr/bin/ld: cannot find -lpthreads
collect2: ld returned 1 exit status
configure:8507: $? = 1
configure: failed program was:
| /* confdefs.h */
| #define PACKAGE_NAME "Bitcoin Core"
| #define PACKAGE_TARNAME "bitcoin"
| #define PACKAGE_VERSION "0.9.0"
| #define PACKAGE_STRING "Bitcoin Core 0.9.0"
| #define PACKAGE_BUGREPORT "info@bitcoin.org"
| #define PACKAGE_URL ""
| #define STDC_HEADERS 1
| #define HAVE_SYS_TYPES_H 1
| #define HAVE_SYS_STAT_H 1
| #define HAVE_STDLIB_H 1
| #define HAVE_STRING_H 1
| #define HAVE_MEMORY_H 1
| #define HAVE_STRINGS_H 1
| #define HAVE_INTTYPES_H 1
| #define HAVE_STDINT_H 1
| #define HAVE_UNISTD_H 1
| /* end confdefs.h.  */
| #include <pthread.h>
|                         static void routine(void *a) { a = 0; }
|                         static void *start_routine(void *a) { return a; }
| int
| main ()
| {
| pthread_t th; pthread_attr_t attr;
|                         pthread_create(&th, 0, start_routine, 0);
|                         pthread_join(th, 0);
|                         pthread_attr_init(&attr);
|                         pthread_cleanup_push(routine, 0);
|                         pthread_cleanup_pop(0) /* ; */
|   ;
|   return 0;
| }
configure:8516: result: no
configure:8414: checking whether pthreads work without any flags
configure:8507: gcc -o conftest -g -O2    -DBOOST_SPIRIT_THREADSAFE -DHAVE_BUILD_INFO -D__STDC_FORMAT_MACROS  conftest.c   >&5
/tmp/ccwMct0x.o: In function `main':
/home/scott/Desktop/bitcoin/conftest.c:26: undefined reference to `pthread_create'
/home/scott/Desktop/bitcoin/conftest.c:27: undefined reference to `pthread_join'
/home/scott/Desktop/bitcoin/conftest.c:29: undefined reference to `__pthread_register_cancel'
/home/scott/Desktop/bitcoin/conftest.c:30: undefined reference to `__pthread_unregister_cancel'
collect2: ld returned 1 exit status
configure:8507: $? = 1
configure: failed program was:
| /* confdefs.h */
| #define PACKAGE_NAME "Bitcoin Core"
| #define PACKAGE_TARNAME "bitcoin"
| #define PACKAGE_VERSION "0.9.0"
| #define PACKAGE_STRING "Bitcoin Core 0.9.0"
| #define PACKAGE_BUGREPORT "info@bitcoin.org"
| #define PACKAGE_URL ""
| #define STDC_HEADERS 1
| #define HAVE_SYS_TYPES_H 1
| #define HAVE_SYS_STAT_H 1
| #define HAVE_STDLIB_H 1
| #define HAVE_STRING_H 1
| #define HAVE_MEMORY_H 1
| #define HAVE_STRINGS_H 1
| #define HAVE_INTTYPES_H 1
| #define HAVE_STDINT_H 1
| #define HAVE_UNISTD_H 1
| /* end confdefs.h.  */
| #include <pthread.h>
|                         static void routine(void *a) { a = 0; }
|                         static void *start_routine(void *a) { return a; }
| int
| main ()
| {
| pthread_t th; pthread_attr_t attr;
|                         pthread_create(&th, 0, start_routine, 0);
|                         pthread_join(th, 0);
|                         pthread_attr_init(&attr);
|                         pthread_cleanup_push(routine, 0);
|                         pthread_cleanup_pop(0) /* ; */
|   ;
|   return 0;
| }
configure:8516: result: no
configure:8419: checking whether pthreads work with -Kthread
configure:8507: gcc -o conftest -g -O2 -Kthread   -DBOOST_SPIRIT_THREADSAFE -DHAVE_BUILD_INFO -D__STDC_FORMAT_MACROS  conftest.c   >&5
gcc: error: unrecognized option '-Kthread'
configure:8507: $? = 1
configure: failed program was:
| /* confdefs.h */
| #define PACKAGE_NAME "Bitcoin Core"
| #define PACKAGE_TARNAME "bitcoin"
| #define PACKAGE_VERSION "0.9.0"
| #define PACKAGE_STRING "Bitcoin Core 0.9.0"
| #define PACKAGE_BUGREPORT "info@bitcoin.org"
| #define PACKAGE_URL ""
| #define STDC_HEADERS 1
| #define HAVE_SYS_TYPES_H 1
| #define HAVE_SYS_STAT_H 1
| #define HAVE_STDLIB_H 1
| #define HAVE_STRING_H 1
| #define HAVE_MEMORY_H 1
| #define HAVE_STRINGS_H 1
| #define HAVE_INTTYPES_H 1
| #define HAVE_STDINT_H 1
| #define HAVE_UNISTD_H 1
| /* end confdefs.h.  */
| #include <pthread.h>
|                         static void routine(void *a) { a = 0; }
|                         static void *start_routine(void *a) { return a; }
| int
| main ()
| {
| pthread_t th; pthread_attr_t attr;
|                         pthread_create(&th, 0, start_routine, 0);
|                         pthread_join(th, 0);
|                         pthread_attr_init(&attr);
|                         pthread_cleanup_push(routine, 0);
|                         pthread_cleanup_pop(0) /* ; */
|   ;
|   return 0;
| }
configure:8516: result: no
configure:8419: checking whether pthreads work with -kthread
configure:8507: gcc -o conftest -g -O2 -kthread   -DBOOST_SPIRIT_THREADSAFE -DHAVE_BUILD_INFO -D__STDC_FORMAT_MACROS  conftest.c   >&5
gcc: error: unrecognized option '-kthread'
configure:8507: $? = 1
configure: failed program was:
| /* confdefs.h */
| #define PACKAGE_NAME "Bitcoin Core"
| #define PACKAGE_TARNAME "bitcoin"
| #define PACKAGE_VERSION "0.9.0"
| #define PACKAGE_STRING "Bitcoin Core 0.9.0"
| #define PACKAGE_BUGREPORT "info@bitcoin.org"
| #define PACKAGE_URL ""
| #define STDC_HEADERS 1
| #define HAVE_SYS_TYPES_H 1
| #define HAVE_SYS_STAT_H 1
| #define HAVE_STDLIB_H 1
| #define HAVE_STRING_H 1
| #define HAVE_MEMORY_H 1
| #define HAVE_STRINGS_H 1
| #define HAVE_INTTYPES_H 1
| #define HAVE_STDINT_H 1
| #define HAVE_UNISTD_H 1
| /* end confdefs.h.  */
| #include <pthread.h>
|                         static void routine(void *a) { a = 0; }
|                         static void *start_routine(void *a) { return a; }
| int
| main ()
| {
| pthread_t th; pthread_attr_t attr;
|                         pthread_create(&th, 0, start_routine, 0);
|                         pthread_join(th, 0);
|                         pthread_attr_init(&attr);
|                         pthread_cleanup_push(routine, 0);
|                         pthread_cleanup_pop(0) /* ; */
|   ;
|   return 0;
| }
configure:8516: result: no
configure:8469: checking for the pthreads library -llthread
configure:8507: gcc -o conftest -g -O2    -DBOOST_SPIRIT_THREADSAFE -DHAVE_BUILD_INFO -D__STDC_FORMAT_MACROS  conftest.c -llthread  >&5
/usr/bin/ld: cannot find -llthread
collect2: ld returned 1 exit status
configure:8507: $? = 1
configure: failed program was:
| /* confdefs.h */
| #define PACKAGE_NAME "Bitcoin Core"
| #define PACKAGE_TARNAME "bitcoin"
| #define PACKAGE_VERSION "0.9.0"
| #define PACKAGE_STRING "Bitcoin Core 0.9.0"
| #define PACKAGE_BUGREPORT "info@bitcoin.org"
| #define PACKAGE_URL ""
| #define STDC_HEADERS 1
| #define HAVE_SYS_TYPES_H 1
| #define HAVE_SYS_STAT_H 1
| #define HAVE_STDLIB_H 1
| #define HAVE_STRING_H 1
| #define HAVE_MEMORY_H 1
| #define HAVE_STRINGS_H 1
| #define HAVE_INTTYPES_H 1
| #define HAVE_STDINT_H 1
| #define HAVE_UNISTD_H 1
| /* end confdefs.h.  */
| #include <pthread.h>
|                         static void routine(void *a) { a = 0; }
|                         static void *start_routine(void *a) { return a; }
| int
| main ()
| {
| pthread_t th; pthread_attr_t attr;
|                         pthread_create(&th, 0, start_routine, 0);
|                         pthread_join(th, 0);
|                         pthread_attr_init(&attr);
|                         pthread_cleanup_push(routine, 0);
|                         pthread_cleanup_pop(0) /* ; */
|   ;
|   return 0;
| }
configure:8516: result: no
configure:8419: checking whether pthreads work with -pthread
configure:8507: gcc -o conftest -g -O2 -pthread   -DBOOST_SPIRIT_THREADSAFE -DHAVE_BUILD_INFO -D__STDC_FORMAT_MACROS  conftest.c   >&5
configure:8507: $? = 0
configure:8516: result: yes
configure:8535: checking for joinable pthread attribute
configure:8550: gcc -o conftest -g -O2 -pthread  -DBOOST_SPIRIT_THREADSAFE -DHAVE_BUILD_INFO -D__STDC_FORMAT_MACROS  conftest.c   >&5
configure:8550: $? = 0
configure:8556: result: PTHREAD_CREATE_JOINABLE
configure:8566: checking if more special flags are required for pthreads
configure:8581: result: no
configure:8587: checking for PTHREAD_PRIO_INHERIT
configure:8604: gcc -o conftest -g -O2 -pthread  -DBOOST_SPIRIT_THREADSAFE -DHAVE_BUILD_INFO -D__STDC_FORMAT_MACROS  conftest.c   >&5
conftest.c: In function 'main':
conftest.c:23:9: error: 'PTHREAD_PRIO_INHERIT' undeclared (first use in this function)
conftest.c:23:9: note: each undeclared identifier is reported only once for each function it appears in
configure:8604: $? = 1
configure: failed program was:
| /* confdefs.h */
| #define PACKAGE_NAME "Bitcoin Core"
| #define PACKAGE_TARNAME "bitcoin"
| #define PACKAGE_VERSION "0.9.0"
| #define PACKAGE_STRING "Bitcoin Core 0.9.0"
| #define PACKAGE_BUGREPORT "info@bitcoin.org"
| #define PACKAGE_URL ""
| #define STDC_HEADERS 1
| #define HAVE_SYS_TYPES_H 1
| #define HAVE_SYS_STAT_H 1
| #define HAVE_STDLIB_H 1
| #define HAVE_STRING_H 1
| #define HAVE_MEMORY_H 1
| #define HAVE_STRINGS_H 1
| #define HAVE_INTTYPES_H 1
| #define HAVE_STDINT_H 1
| #define HAVE_UNISTD_H 1
| /* end confdefs.h.  */
| #include <pthread.h>
| int
| main ()
| {
| int i = PTHREAD_PRIO_INHERIT;
|   ;
|   return 0;
| }
configure:8613: result: no
configure:8724: checking for special C compiler options needed for large files
configure:8769: result: no
configure:8775: checking for _FILE_OFFSET_BITS value needed for large files
configure:8800: g++ -c -g -O2 -Wall -Wextra -Wformat -Wformat-security -Wno-unused-parameter  -DBOOST_SPIRIT_THREADSAFE -DHAVE_BUILD_INFO -D__STDC_FORMAT_MACROS conftest.cpp >&5
configure:8800: $? = 0
configure:8832: result: no
configure:8928: checking whether the linker accepts -Wl,--large-address-aware
configure:8947: g++ -o conftest -g -O2 -Wall -Wextra -Wformat -Wformat-security -Wno-unused-parameter  -DBOOST_SPIRIT_THREADSAFE -DHAVE_BUILD_INFO -D__STDC_FORMAT_MACROS   -Wl,--large-address-aware conftest.cpp  >&5
/usr/bin/ld: unrecognized option '--large-address-aware'
/usr/bin/ld: use the --help option for usage information
collect2: ld returned 1 exit status
configure:8947: $? = 1
configure: failed program was:
| /* confdefs.h */
| #define PACKAGE_NAME "Bitcoin Core"
| #define PACKAGE_TARNAME "bitcoin"
| #define PACKAGE_VERSION "0.9.0"
| #define PACKAGE_STRING "Bitcoin Core 0.9.0"
| #define PACKAGE_BUGREPORT "info@bitcoin.org"
| #define PACKAGE_URL ""
| #define STDC_HEADERS 1
| #define HAVE_SYS_TYPES_H 1
| #define HAVE_SYS_STAT_H 1
| #define HAVE_STDLIB_H 1
| #define HAVE_STRING_H 1
| #define HAVE_MEMORY_H 1
| #define HAVE_STRINGS_H 1
| #define HAVE_INTTYPES_H 1
| #define HAVE_STDINT_H 1
| #define HAVE_UNISTD_H 1
| #define HAVE_PTHREAD 1
| /* end confdefs.h.  */
| 
| int
| main ()
| {
| 
|   ;
|   return 0;
| }
configure:8956: result: no
configure:8966: checking whether C++ compiler accepts -Wstack-protector
configure:8985: g++ -c -g -O2 -Wall -Wextra -Wformat -Wformat-security -Wno-unused-parameter  -Wstack-protector  -DBOOST_SPIRIT_THREADSAFE -DHAVE_BUILD_INFO -D__STDC_FORMAT_MACROS conftest.cpp >&5
configure:8985: $? = 0
configure:8993: result: yes
configure:9001: checking whether C++ compiler accepts -fstack-protector-all
configure:9020: g++ -c -g -O2 -Wall -Wextra -Wformat -Wformat-security -Wno-unused-parameter  -fstack-protector-all  -DBOOST_SPIRIT_THREADSAFE -DHAVE_BUILD_INFO -D__STDC_FORMAT_MACROS conftest.cpp >&5
configure:9020: $? = 0
configure:9028: result: yes
configure:9036: checking whether C++ compiler accepts -fPIE
configure:9055: g++ -c -g -O2 -Wall -Wextra -Wformat -Wformat-security -Wno-unused-parameter  -fPIE  -DBOOST_SPIRIT_THREADSAFE -DHAVE_BUILD_INFO -D__STDC_FORMAT_MACROS conftest.cpp >&5
configure:9055: $? = 0
configure:9063: result: yes
configure:9073: checking whether C++ preprocessor accepts -D_FORTIFY_SOURCE=2
configure:9092: g++ -E  -DBOOST_SPIRIT_THREADSAFE -DHAVE_BUILD_INFO -D__STDC_FORMAT_MACROS  -D_FORTIFY_SOURCE=2 conftest.cpp
configure:9092: $? = 0
configure:9101: result: yes
configure:9105: checking whether C++ preprocessor accepts -U_FORTIFY_SOURCE
configure:9124: g++ -E  -DBOOST_SPIRIT_THREADSAFE -DHAVE_BUILD_INFO -D__STDC_FORMAT_MACROS  -U_FORTIFY_SOURCE conftest.cpp
configure:9124: $? = 0
configure:9132: result: yes
configure:9149: checking whether the linker accepts -Wl,--dynamicbase
configure:9168: g++ -o conftest -g -O2 -Wall -Wextra -Wformat -Wformat-security -Wno-unused-parameter  -DBOOST_SPIRIT_THREADSAFE -DHAVE_BUILD_INFO -D__STDC_FORMAT_MACROS   -Wl,--dynamicbase conftest.cpp  >&5
/usr/bin/ld: unrecognized option '--dynamicbase'
/usr/bin/ld: use the --help option for usage information
collect2: ld returned 1 exit status
configure:9168: $? = 1
configure: failed program was:
| /* confdefs.h */
| #define PACKAGE_NAME "Bitcoin Core"
| #define PACKAGE_TARNAME "bitcoin"
| #define PACKAGE_VERSION "0.9.0"
| #define PACKAGE_STRING "Bitcoin Core 0.9.0"
| #define PACKAGE_BUGREPORT "info@bitcoin.org"
| #define PACKAGE_URL ""
| #define STDC_HEADERS 1
| #define HAVE_SYS_TYPES_H 1
| #define HAVE_SYS_STAT_H 1
| #define HAVE_STDLIB_H 1
| #define HAVE_STRING_H 1
| #define HAVE_MEMORY_H 1
| #define HAVE_STRINGS_H 1
| #define HAVE_INTTYPES_H 1
| #define HAVE_STDINT_H 1
| #define HAVE_UNISTD_H 1
| #define HAVE_PTHREAD 1
| /* end confdefs.h.  */
| 
| int
| main ()
| {
| 
|   ;
|   return 0;
| }
configure:9177: result: no
configure:9185: checking whether the linker accepts -Wl,--nxcompat
configure:9204: g++ -o conftest -g -O2 -Wall -Wextra -Wformat -Wformat-security -Wno-unused-parameter  -DBOOST_SPIRIT_THREADSAFE -DHAVE_BUILD_INFO -D__STDC_FORMAT_MACROS   -Wl,--nxcompat conftest.cpp  >&5
/usr/bin/ld: unrecognized option '--nxcompat'
/usr/bin/ld: use the --help option for usage information
collect2: ld returned 1 exit status
configure:9204: $? = 1
configure: failed program was:
| /* confdefs.h */
| #define PACKAGE_NAME "Bitcoin Core"
| #define PACKAGE_TARNAME "bitcoin"
| #define PACKAGE_VERSION "0.9.0"
| #define PACKAGE_STRING "Bitcoin Core 0.9.0"
| #define PACKAGE_BUGREPORT "info@bitcoin.org"
| #define PACKAGE_URL ""
| #define STDC_HEADERS 1
| #define HAVE_SYS_TYPES_H 1
| #define HAVE_SYS_STAT_H 1
| #define HAVE_STDLIB_H 1
| #define HAVE_STRING_H 1
| #define HAVE_MEMORY_H 1
| #define HAVE_STRINGS_H 1
| #define HAVE_INTTYPES_H 1
| #define HAVE_STDINT_H 1
| #define HAVE_UNISTD_H 1
| #define HAVE_PTHREAD 1
| /* end confdefs.h.  */
| 
| int
| main ()
| {
| 
|   ;
|   return 0;
| }
configure:9213: result: no
configure:9221: checking whether the linker accepts -Wl,-z,relro
configure:9240: g++ -o conftest -g -O2 -Wall -Wextra -Wformat -Wformat-security -Wno-unused-parameter  -DBOOST_SPIRIT_THREADSAFE -DHAVE_BUILD_INFO -D__STDC_FORMAT_MACROS   -Wl,-z,relro conftest.cpp  >&5
configure:9240: $? = 0
configure:9249: result: yes
configure:9257: checking whether the linker accepts -Wl,-z,now
configure:9276: g++ -o conftest -g -O2 -Wall -Wextra -Wformat -Wformat-security -Wno-unused-parameter  -DBOOST_SPIRIT_THREADSAFE -DHAVE_BUILD_INFO -D__STDC_FORMAT_MACROS   -Wl,-z,now conftest.cpp  >&5
configure:9276: $? = 0
configure:9285: result: yes
configure:9296: checking whether the linker accepts -pie
configure:9315: g++ -o conftest -g -O2 -Wall -Wextra -Wformat -Wformat-security -Wno-unused-parameter  -DBOOST_SPIRIT_THREADSAFE -DHAVE_BUILD_INFO -D__STDC_FORMAT_MACROS   -pie conftest.cpp  >&5
configure:9315: $? = 0
configure:9324: result: yes
configure:9382: checking stdio.h usability
configure:9382: g++ -c -g -O2 -Wall -Wextra -Wformat -Wformat-security -Wno-unused-parameter  -Wstack-protector -fstack-protector-all -fPIE  -DBOOST_SPIRIT_THREADSAFE -DHAVE_BUILD_INFO -D__STDC_FORMAT_MACROS  -U_FORTIFY_SOURCE -D_FORTIFY_SOURCE=2 conftest.cpp >&5
configure:9382: $? = 0
configure:9382: result: yes
configure:9382: checking stdio.h presence
configure:9382: g++ -E  -DBOOST_SPIRIT_THREADSAFE -DHAVE_BUILD_INFO -D__STDC_FORMAT_MACROS  -U_FORTIFY_SOURCE -D_FORTIFY_SOURCE=2 conftest.cpp
configure:9382: $? = 0
configure:9382: result: yes
configure:9382: checking for stdio.h
configure:9382: result: yes
configure:9382: checking for stdlib.h
configure:9382: result: yes
configure:9382: checking for unistd.h
configure:9382: result: yes
configure:9382: checking for strings.h
configure:9382: result: yes
configure:9382: checking for sys/types.h
configure:9382: result: yes
configure:9382: checking for sys/stat.h
configure:9382: result: yes
configure:9393: checking for MSG_NOSIGNAL
configure:9406: g++ -c -g -O2 -Wall -Wextra -Wformat -Wformat-security -Wno-unused-parameter  -Wstack-protector -fstack-protector-all -fPIE  -DBOOST_SPIRIT_THREADSAFE -DHAVE_BUILD_INFO -D__STDC_FORMAT_MACROS  -U_FORTIFY_SOURCE -D_FORTIFY_SOURCE=2 conftest.cpp >&5
conftest.cpp: In function 'int main()':
conftest.cpp:30:6: warning: unused variable 'f' [-Wunused-variable]
configure:9406: $? = 0
configure:9407: result: yes
configure:9435: checking for Berkeley DB C++ headers
configure:9466: g++ -c -g -O2 -Wall -Wextra -Wformat -Wformat-security -Wno-unused-parameter  -Wstack-protector -fstack-protector-all -fPIE  -DBOOST_SPIRIT_THREADSAFE -DHAVE_BUILD_INFO -D__STDC_FORMAT_MACROS  -U_FORTIFY_SOURCE -D_FORTIFY_SOURCE=2 conftest.cpp >&5
conftest.cpp:28:33: fatal error: bdb4.8/db_cxx.h: No such file or directory
compilation terminated.
configure:9466: $? = 1
configure: failed program was:
| /* confdefs.h */
| #define PACKAGE_NAME "Bitcoin Core"
| #define PACKAGE_TARNAME "bitcoin"
| #define PACKAGE_VERSION "0.9.0"
| #define PACKAGE_STRING "Bitcoin Core 0.9.0"
| #define PACKAGE_BUGREPORT "info@bitcoin.org"
| #define PACKAGE_URL ""
| #define STDC_HEADERS 1
| #define HAVE_SYS_TYPES_H 1
| #define HAVE_SYS_STAT_H 1
| #define HAVE_STDLIB_H 1
| #define HAVE_STRING_H 1
| #define HAVE_MEMORY_H 1
| #define HAVE_STRINGS_H 1
| #define HAVE_INTTYPES_H 1
| #define HAVE_STDINT_H 1
| #define HAVE_UNISTD_H 1
| #define HAVE_PTHREAD 1
| #define HAVE_STDIO_H 1
| #define HAVE_STDLIB_H 1
| #define HAVE_UNISTD_H 1
| #define HAVE_STRINGS_H 1
| #define HAVE_SYS_TYPES_H 1
| #define HAVE_SYS_STAT_H 1
| #define HAVE_MSG_NOSIGNAL 1
| /* end confdefs.h.  */
| 
|       #include <bdb4.8/db_cxx.h>
| 
| int
| main ()
| {
| 
|       #if !((DB_VERSION_MAJOR == 4 && DB_VERSION_MINOR >= 8) || DB_VERSION_MAJOR > 4)
|         #error "failed to find bdb 4.8+"
|       #endif
| 
|   ;
|   return 0;
| }
configure:9466: g++ -c -g -O2 -Wall -Wextra -Wformat -Wformat-security -Wno-unused-parameter  -Wstack-protector -fstack-protector-all -fPIE  -DBOOST_SPIRIT_THREADSAFE -DHAVE_BUILD_INFO -D__STDC_FORMAT_MACROS  -U_FORTIFY_SOURCE -D_FORTIFY_SOURCE=2 conftest.cpp >&5
conftest.cpp:28:35: fatal error: libdb4.8/db_cxx.h: No such file or directory
compilation terminated.
configure:9466: $? = 1
configure: failed program was:
| /* confdefs.h */
| #define PACKAGE_NAME "Bitcoin Core"
| #define PACKAGE_TARNAME "bitcoin"
| #define PACKAGE_VERSION "0.9.0"
| #define PACKAGE_STRING "Bitcoin Core 0.9.0"
| #define PACKAGE_BUGREPORT "info@bitcoin.org"
| #define PACKAGE_URL ""
| #define STDC_HEADERS 1
| #define HAVE_SYS_TYPES_H 1
| #define HAVE_SYS_STAT_H 1
| #define HAVE_STDLIB_H 1
| #define HAVE_STRING_H 1
| #define HAVE_MEMORY_H 1
| #define HAVE_STRINGS_H 1
| #define HAVE_INTTYPES_H 1
| #define HAVE_STDINT_H 1
| #define HAVE_UNISTD_H 1
| #define HAVE_PTHREAD 1
| #define HAVE_STDIO_H 1
| #define HAVE_STDLIB_H 1
| #define HAVE_UNISTD_H 1
| #define HAVE_STRINGS_H 1
| #define HAVE_SYS_TYPES_H 1
| #define HAVE_SYS_STAT_H 1
| #define HAVE_MSG_NOSIGNAL 1
| /* end confdefs.h.  */
| 
|       #include <libdb4.8/db_cxx.h>
| 
| int
| main ()
| {
| 
|       #if !((DB_VERSION_MAJOR == 4 && DB_VERSION_MINOR >= 8) || DB_VERSION_MAJOR > 4)
|         #error "failed to find bdb 4.8+"
|       #endif
| 
|   ;
|   return 0;
| }
configure:9466: g++ -c -g -O2 -Wall -Wextra -Wformat -Wformat-security -Wno-unused-parameter  -Wstack-protector -fstack-protector-all -fPIE  -DBOOST_SPIRIT_THREADSAFE -DHAVE_BUILD_INFO -D__STDC_FORMAT_MACROS  -U_FORTIFY_SOURCE -D_FORTIFY_SOURCE=2 conftest.cpp >&5
conftest.cpp:28:32: fatal error: db4.8/db_cxx.h: No such file or directory
compilation terminated.
configure:9466: $? = 1
configure: failed program was:
| /* confdefs.h */
| #define PACKAGE_NAME "Bitcoin Core"
| #define PACKAGE_TARNAME "bitcoin"
| #define PACKAGE_VERSION "0.9.0"
| #define PACKAGE_STRING "Bitcoin Core 0.9.0"
| #define PACKAGE_BUGREPORT "info@bitcoin.org"
| #define PACKAGE_URL ""
| #define STDC_HEADERS 1
| #define HAVE_SYS_TYPES_H 1
| #define HAVE_SYS_STAT_H 1
| #define HAVE_STDLIB_H 1
| #define HAVE_STRING_H 1
| #define HAVE_MEMORY_H 1
| #define HAVE_STRINGS_H 1
| #define HAVE_INTTYPES_H 1
| #define HAVE_STDINT_H 1
| #define HAVE_UNISTD_H 1
| #define HAVE_PTHREAD 1
| #define HAVE_STDIO_H 1
| #define HAVE_STDLIB_H 1
| #define HAVE_UNISTD_H 1
| #define HAVE_STRINGS_H 1
| #define HAVE_SYS_TYPES_H 1
| #define HAVE_SYS_STAT_H 1
| #define HAVE_MSG_NOSIGNAL 1
| /* end confdefs.h.  */
| 
|       #include <db4.8/db_cxx.h>
| 
| int
| main ()
| {
| 
|       #if !((DB_VERSION_MAJOR == 4 && DB_VERSION_MINOR >= 8) || DB_VERSION_MAJOR > 4)
|         #error "failed to find bdb 4.8+"
|       #endif
| 
|   ;
|   return 0;
| }
configure:9466: g++ -c -g -O2 -Wall -Wextra -Wformat -Wformat-security -Wno-unused-parameter  -Wstack-protector -fstack-protector-all -fPIE  -DBOOST_SPIRIT_THREADSAFE -DHAVE_BUILD_INFO -D__STDC_FORMAT_MACROS  -U_FORTIFY_SOURCE -D_FORTIFY_SOURCE=2 conftest.cpp >&5
conftest.cpp:28:32: fatal error: bdb48/db_cxx.h: No such file or directory
compilation terminated.
configure:9466: $? = 1
configure: failed program was:
| /* confdefs.h */
| #define PACKAGE_NAME "Bitcoin Core"
| #define PACKAGE_TARNAME "bitcoin"
| #define PACKAGE_VERSION "0.9.0"
| #define PACKAGE_STRING "Bitcoin Core 0.9.0"
| #define PACKAGE_BUGREPORT "info@bitcoin.org"
| #define PACKAGE_URL ""
| #define STDC_HEADERS 1
| #define HAVE_SYS_TYPES_H 1
| #define HAVE_SYS_STAT_H 1
| #define HAVE_STDLIB_H 1
| #define HAVE_STRING_H 1
| #define HAVE_MEMORY_H 1
| #define HAVE_STRINGS_H 1
| #define HAVE_INTTYPES_H 1
| #define HAVE_STDINT_H 1
| #define HAVE_UNISTD_H 1
| #define HAVE_PTHREAD 1
| #define HAVE_STDIO_H 1
| #define HAVE_STDLIB_H 1
| #define HAVE_UNISTD_H 1
| #define HAVE_STRINGS_H 1
| #define HAVE_SYS_TYPES_H 1
| #define HAVE_SYS_STAT_H 1
| #define HAVE_MSG_NOSIGNAL 1
| /* end confdefs.h.  */
| 
|       #include <bdb48/db_cxx.h>
| 
| int
| main ()
| {
| 
|       #if !((DB_VERSION_MAJOR == 4 && DB_VERSION_MINOR >= 8) || DB_VERSION_MAJOR > 4)
|         #error "failed to find bdb 4.8+"
|       #endif
| 
|   ;
|   return 0;
| }
configure:9466: g++ -c -g -O2 -Wall -Wextra -Wformat -Wformat-security -Wno-unused-parameter  -Wstack-protector -fstack-protector-all -fPIE  -DBOOST_SPIRIT_THREADSAFE -DHAVE_BUILD_INFO -D__STDC_FORMAT_MACROS  -U_FORTIFY_SOURCE -D_FORTIFY_SOURCE=2 conftest.cpp >&5
conftest.cpp:28:34: fatal error: libdb48/db_cxx.h: No such file or directory
compilation terminated.
configure:9466: $? = 1
configure: failed program was:
| /* confdefs.h */
| #define PACKAGE_NAME "Bitcoin Core"
| #define PACKAGE_TARNAME "bitcoin"
| #define PACKAGE_VERSION "0.9.0"
| #define PACKAGE_STRING "Bitcoin Core 0.9.0"
| #define PACKAGE_BUGREPORT "info@bitcoin.org"
| #define PACKAGE_URL ""
| #define STDC_HEADERS 1
| #define HAVE_SYS_TYPES_H 1
| #define HAVE_SYS_STAT_H 1
| #define HAVE_STDLIB_H 1
| #define HAVE_STRING_H 1
| #define HAVE_MEMORY_H 1
| #define HAVE_STRINGS_H 1
| #define HAVE_INTTYPES_H 1
| #define HAVE_STDINT_H 1
| #define HAVE_UNISTD_H 1
| #define HAVE_PTHREAD 1
| #define HAVE_STDIO_H 1
| #define HAVE_STDLIB_H 1
| #define HAVE_UNISTD_H 1
| #define HAVE_STRINGS_H 1
| #define HAVE_SYS_TYPES_H 1
| #define HAVE_SYS_STAT_H 1
| #define HAVE_MSG_NOSIGNAL 1
| /* end confdefs.h.  */
| 
|       #include <libdb48/db_cxx.h>
| 
| int
| main ()
| {
| 
|       #if !((DB_VERSION_MAJOR == 4 && DB_VERSION_MINOR >= 8) || DB_VERSION_MAJOR > 4)
|         #error "failed to find bdb 4.8+"
|       #endif
| 
|   ;
|   return 0;
| }
configure:9466: g++ -c -g -O2 -Wall -Wextra -Wformat -Wformat-security -Wno-unused-parameter  -Wstack-protector -fstack-protector-all -fPIE  -DBOOST_SPIRIT_THREADSAFE -DHAVE_BUILD_INFO -D__STDC_FORMAT_MACROS  -U_FORTIFY_SOURCE -D_FORTIFY_SOURCE=2 conftest.cpp >&5
conftest.cpp:28:31: fatal error: db48/db_cxx.h: No such file or directory
compilation terminated.
configure:9466: $? = 1
configure: failed program was:
| /* confdefs.h */
| #define PACKAGE_NAME "Bitcoin Core"
| #define PACKAGE_TARNAME "bitcoin"
| #define PACKAGE_VERSION "0.9.0"
| #define PACKAGE_STRING "Bitcoin Core 0.9.0"
| #define PACKAGE_BUGREPORT "info@bitcoin.org"
| #define PACKAGE_URL ""
| #define STDC_HEADERS 1
| #define HAVE_SYS_TYPES_H 1
| #define HAVE_SYS_STAT_H 1
| #define HAVE_STDLIB_H 1
| #define HAVE_STRING_H 1
| #define HAVE_MEMORY_H 1
| #define HAVE_STRINGS_H 1
| #define HAVE_INTTYPES_H 1
| #define HAVE_STDINT_H 1
| #define HAVE_UNISTD_H 1
| #define HAVE_PTHREAD 1
| #define HAVE_STDIO_H 1
| #define HAVE_STDLIB_H 1
| #define HAVE_UNISTD_H 1
| #define HAVE_STRINGS_H 1
| #define HAVE_SYS_TYPES_H 1
| #define HAVE_SYS_STAT_H 1
| #define HAVE_MSG_NOSIGNAL 1
| /* end confdefs.h.  */
| 
|       #include <db48/db_cxx.h>
| 
| int
| main ()
| {
| 
|       #if !((DB_VERSION_MAJOR == 4 && DB_VERSION_MINOR >= 8) || DB_VERSION_MAJOR > 4)
|         #error "failed to find bdb 4.8+"
|       #endif
| 
|   ;
|   return 0;
| }
configure:9466: g++ -c -g -O2 -Wall -Wextra -Wformat -Wformat-security -Wno-unused-parameter  -Wstack-protector -fstack-protector-all -fPIE  -DBOOST_SPIRIT_THREADSAFE -DHAVE_BUILD_INFO -D__STDC_FORMAT_MACROS  -U_FORTIFY_SOURCE -D_FORTIFY_SOURCE=2 conftest.cpp >&5
conftest.cpp:28:31: fatal error: bdb4/db_cxx.h: No such file or directory
compilation terminated.
configure:9466: $? = 1
configure: failed program was:
| /* confdefs.h */
| #define PACKAGE_NAME "Bitcoin Core"
| #define PACKAGE_TARNAME "bitcoin"
| #define PACKAGE_VERSION "0.9.0"
| #define PACKAGE_STRING "Bitcoin Core 0.9.0"
| #define PACKAGE_BUGREPORT "info@bitcoin.org"
| #define PACKAGE_URL ""
| #define STDC_HEADERS 1
| #define HAVE_SYS_TYPES_H 1
| #define HAVE_SYS_STAT_H 1
| #define HAVE_STDLIB_H 1
| #define HAVE_STRING_H 1
| #define HAVE_MEMORY_H 1
| #define HAVE_STRINGS_H 1
| #define HAVE_INTTYPES_H 1
| #define HAVE_STDINT_H 1
| #define HAVE_UNISTD_H 1
| #define HAVE_PTHREAD 1
| #define HAVE_STDIO_H 1
| #define HAVE_STDLIB_H 1
| #define HAVE_UNISTD_H 1
| #define HAVE_STRINGS_H 1
| #define HAVE_SYS_TYPES_H 1
| #define HAVE_SYS_STAT_H 1
| #define HAVE_MSG_NOSIGNAL 1
| /* end confdefs.h.  */
| 
|       #include <bdb4/db_cxx.h>
| 
| int
| main ()
| {
| 
|       #if !((DB_VERSION_MAJOR == 4 && DB_VERSION_MINOR >= 8) || DB_VERSION_MAJOR > 4)
|         #error "failed to find bdb 4.8+"
|       #endif
| 
|   ;
|   return 0;
| }
configure:9466: g++ -c -g -O2 -Wall -Wextra -Wformat -Wformat-security -Wno-unused-parameter  -Wstack-protector -fstack-protector-all -fPIE  -DBOOST_SPIRIT_THREADSAFE -DHAVE_BUILD_INFO -D__STDC_FORMAT_MACROS  -U_FORTIFY_SOURCE -D_FORTIFY_SOURCE=2 conftest.cpp >&5
conftest.cpp:28:33: fatal error: libdb4/db_cxx.h: No such file or directory
compilation terminated.
configure:9466: $? = 1
configure: failed program was:
| /* confdefs.h */
| #define PACKAGE_NAME "Bitcoin Core"
| #define PACKAGE_TARNAME "bitcoin"
| #define PACKAGE_VERSION "0.9.0"
| #define PACKAGE_STRING "Bitcoin Core 0.9.0"
| #define PACKAGE_BUGREPORT "info@bitcoin.org"
| #define PACKAGE_URL ""
| #define STDC_HEADERS 1
| #define HAVE_SYS_TYPES_H 1
| #define HAVE_SYS_STAT_H 1
| #define HAVE_STDLIB_H 1
| #define HAVE_STRING_H 1
| #define HAVE_MEMORY_H 1
| #define HAVE_STRINGS_H 1
| #define HAVE_INTTYPES_H 1
| #define HAVE_STDINT_H 1
| #define HAVE_UNISTD_H 1
| #define HAVE_PTHREAD 1
| #define HAVE_STDIO_H 1
| #define HAVE_STDLIB_H 1
| #define HAVE_UNISTD_H 1
| #define HAVE_STRINGS_H 1
| #define HAVE_SYS_TYPES_H 1
| #define HAVE_SYS_STAT_H 1
| #define HAVE_MSG_NOSIGNAL 1
| /* end confdefs.h.  */
| 
|       #include <libdb4/db_cxx.h>
| 
| int
| main ()
| {
| 
|       #if !((DB_VERSION_MAJOR == 4 && DB_VERSION_MINOR >= 8) || DB_VERSION_MAJOR > 4)
|         #error "failed to find bdb 4.8+"
|       #endif
| 
|   ;
|   return 0;
| }
configure:9466: g++ -c -g -O2 -Wall -Wextra -Wformat -Wformat-security -Wno-unused-parameter  -Wstack-protector -fstack-protector-all -fPIE  -DBOOST_SPIRIT_THREADSAFE -DHAVE_BUILD_INFO -D__STDC_FORMAT_MACROS  -U_FORTIFY_SOURCE -D_FORTIFY_SOURCE=2 conftest.cpp >&5
conftest.cpp:28:30: fatal error: db4/db_cxx.h: No such file or directory
compilation terminated.
configure:9466: $? = 1
configure: failed program was:
| /* confdefs.h */
| #define PACKAGE_NAME "Bitcoin Core"
| #define PACKAGE_TARNAME "bitcoin"
| #define PACKAGE_VERSION "0.9.0"
| #define PACKAGE_STRING "Bitcoin Core 0.9.0"
| #define PACKAGE_BUGREPORT "info@bitcoin.org"
| #define PACKAGE_URL ""
| #define STDC_HEADERS 1
| #define HAVE_SYS_TYPES_H 1
| #define HAVE_SYS_STAT_H 1
| #define HAVE_STDLIB_H 1
| #define HAVE_STRING_H 1
| #define HAVE_MEMORY_H 1
| #define HAVE_STRINGS_H 1
| #define HAVE_INTTYPES_H 1
| #define HAVE_STDINT_H 1
| #define HAVE_UNISTD_H 1
| #define HAVE_PTHREAD 1
| #define HAVE_STDIO_H 1
| #define HAVE_STDLIB_H 1
| #define HAVE_UNISTD_H 1
| #define HAVE_STRINGS_H 1
| #define HAVE_SYS_TYPES_H 1
| #define HAVE_SYS_STAT_H 1
| #define HAVE_MSG_NOSIGNAL 1
| /* end confdefs.h.  */
| 
|       #include <db4/db_cxx.h>
| 
| int
| main ()
| {
| 
|       #if !((DB_VERSION_MAJOR == 4 && DB_VERSION_MINOR >= 8) || DB_VERSION_MAJOR > 4)
|         #error "failed to find bdb 4.8+"
|       #endif
| 
|   ;
|   return 0;
| }
configure:9466: g++ -c -g -O2 -Wall -Wextra -Wformat -Wformat-security -Wno-unused-parameter  -Wstack-protector -fstack-protector-all -fPIE  -DBOOST_SPIRIT_THREADSAFE -DHAVE_BUILD_INFO -D__STDC_FORMAT_MACROS  -U_FORTIFY_SOURCE -D_FORTIFY_SOURCE=2 conftest.cpp >&5
conftest.cpp:28:31: fatal error: bdb5/db_cxx.h: No such file or directory
compilation terminated.
configure:9466: $? = 1
configure: failed program was:
| /* confdefs.h */
| #define PACKAGE_NAME "Bitcoin Core"
| #define PACKAGE_TARNAME "bitcoin"
| #define PACKAGE_VERSION "0.9.0"
| #define PACKAGE_STRING "Bitcoin Core 0.9.0"
| #define PACKAGE_BUGREPORT "info@bitcoin.org"
| #define PACKAGE_URL ""
| #define STDC_HEADERS 1
| #define HAVE_SYS_TYPES_H 1
| #define HAVE_SYS_STAT_H 1
| #define HAVE_STDLIB_H 1
| #define HAVE_STRING_H 1
| #define HAVE_MEMORY_H 1
| #define HAVE_STRINGS_H 1
| #define HAVE_INTTYPES_H 1
| #define HAVE_STDINT_H 1
| #define HAVE_UNISTD_H 1
| #define HAVE_PTHREAD 1
| #define HAVE_STDIO_H 1
| #define HAVE_STDLIB_H 1
| #define HAVE_UNISTD_H 1
| #define HAVE_STRINGS_H 1
| #define HAVE_SYS_TYPES_H 1
| #define HAVE_SYS_STAT_H 1
| #define HAVE_MSG_NOSIGNAL 1
| /* end confdefs.h.  */
| 
|       #include <bdb5/db_cxx.h>
| 
| int
| main ()
| {
| 
|       #if !((DB_VERSION_MAJOR == 4 && DB_VERSION_MINOR >= 8) || DB_VERSION_MAJOR > 4)
|         #error "failed to find bdb 4.8+"
|       #endif
| 
|   ;
|   return 0;
| }
configure:9466: g++ -c -g -O2 -Wall -Wextra -Wformat -Wformat-security -Wno-unused-parameter  -Wstack-protector -fstack-protector-all -fPIE  -DBOOST_SPIRIT_THREADSAFE -DHAVE_BUILD_INFO -D__STDC_FORMAT_MACROS  -U_FORTIFY_SOURCE -D_FORTIFY_SOURCE=2 conftest.cpp >&5
conftest.cpp:28:33: fatal error: libdb5/db_cxx.h: No such file or directory
compilation terminated.
configure:9466: $? = 1
configure: failed program was:
| /* confdefs.h */
| #define PACKAGE_NAME "Bitcoin Core"
| #define PACKAGE_TARNAME "bitcoin"
| #define PACKAGE_VERSION "0.9.0"
| #define PACKAGE_STRING "Bitcoin Core 0.9.0"
| #define PACKAGE_BUGREPORT "info@bitcoin.org"
| #define PACKAGE_URL ""
| #define STDC_HEADERS 1
| #define HAVE_SYS_TYPES_H 1
| #define HAVE_SYS_STAT_H 1
| #define HAVE_STDLIB_H 1
| #define HAVE_STRING_H 1
| #define HAVE_MEMORY_H 1
| #define HAVE_STRINGS_H 1
| #define HAVE_INTTYPES_H 1
| #define HAVE_STDINT_H 1
| #define HAVE_UNISTD_H 1
| #define HAVE_PTHREAD 1
| #define HAVE_STDIO_H 1
| #define HAVE_STDLIB_H 1
| #define HAVE_UNISTD_H 1
| #define HAVE_STRINGS_H 1
| #define HAVE_SYS_TYPES_H 1
| #define HAVE_SYS_STAT_H 1
| #define HAVE_MSG_NOSIGNAL 1
| /* end confdefs.h.  */
| 
|       #include <libdb5/db_cxx.h>
| 
| int
| main ()
| {
| 
|       #if !((DB_VERSION_MAJOR == 4 && DB_VERSION_MINOR >= 8) || DB_VERSION_MAJOR > 4)
|         #error "failed to find bdb 4.8+"
|       #endif
| 
|   ;
|   return 0;
| }
configure:9466: g++ -c -g -O2 -Wall -Wextra -Wformat -Wformat-security -Wno-unused-parameter  -Wstack-protector -fstack-protector-all -fPIE  -DBOOST_SPIRIT_THREADSAFE -DHAVE_BUILD_INFO -D__STDC_FORMAT_MACROS  -U_FORTIFY_SOURCE -D_FORTIFY_SOURCE=2 conftest.cpp >&5
conftest.cpp:28:30: fatal error: db5/db_cxx.h: No such file or directory
compilation terminated.
configure:9466: $? = 1
configure: failed program was:
| /* confdefs.h */
| #define PACKAGE_NAME "Bitcoin Core"
| #define PACKAGE_TARNAME "bitcoin"
| #define PACKAGE_VERSION "0.9.0"
| #define PACKAGE_STRING "Bitcoin Core 0.9.0"
| #define PACKAGE_BUGREPORT "info@bitcoin.org"
| #define PACKAGE_URL ""
| #define STDC_HEADERS 1
| #define HAVE_SYS_TYPES_H 1
| #define HAVE_SYS_STAT_H 1
| #define HAVE_STDLIB_H 1
| #define HAVE_STRING_H 1
| #define HAVE_MEMORY_H 1
| #define HAVE_STRINGS_H 1
| #define HAVE_INTTYPES_H 1
| #define HAVE_STDINT_H 1
| #define HAVE_UNISTD_H 1
| #define HAVE_PTHREAD 1
| #define HAVE_STDIO_H 1
| #define HAVE_STDLIB_H 1
| #define HAVE_UNISTD_H 1
| #define HAVE_STRINGS_H 1
| #define HAVE_SYS_TYPES_H 1
| #define HAVE_SYS_STAT_H 1
| #define HAVE_MSG_NOSIGNAL 1
| /* end confdefs.h.  */
| 
|       #include <db5/db_cxx.h>
| 
| int
| main ()
| {
| 
|       #if !((DB_VERSION_MAJOR == 4 && DB_VERSION_MINOR >= 8) || DB_VERSION_MAJOR > 4)
|         #error "failed to find bdb 4.8+"
|       #endif
| 
|   ;
|   return 0;
| }
configure:9466: g++ -c -g -O2 -Wall -Wextra -Wformat -Wformat-security -Wno-unused-parameter  -Wstack-protector -fstack-protector-all -fPIE  -DBOOST_SPIRIT_THREADSAFE -DHAVE_BUILD_INFO -D__STDC_FORMAT_MACROS  -U_FORTIFY_SOURCE -D_FORTIFY_SOURCE=2 conftest.cpp >&5
conftest.cpp:28:30: fatal error: bdb/db_cxx.h: No such file or directory
compilation terminated.
configure:9466: $? = 1
configure: failed program was:
| /* confdefs.h */
| #define PACKAGE_NAME "Bitcoin Core"
| #define PACKAGE_TARNAME "bitcoin"
| #define PACKAGE_VERSION "0.9.0"
| #define PACKAGE_STRING "Bitcoin Core 0.9.0"
| #define PACKAGE_BUGREPORT "info@bitcoin.org"
| #define PACKAGE_URL ""
| #define STDC_HEADERS 1
| #define HAVE_SYS_TYPES_H 1
| #define HAVE_SYS_STAT_H 1
| #define HAVE_STDLIB_H 1
| #define HAVE_STRING_H 1
| #define HAVE_MEMORY_H 1
| #define HAVE_STRINGS_H 1
| #define HAVE_INTTYPES_H 1
| #define HAVE_STDINT_H 1
| #define HAVE_UNISTD_H 1
| #define HAVE_PTHREAD 1
| #define HAVE_STDIO_H 1
| #define HAVE_STDLIB_H 1
| #define HAVE_UNISTD_H 1
| #define HAVE_STRINGS_H 1
| #define HAVE_SYS_TYPES_H 1
| #define HAVE_SYS_STAT_H 1
| #define HAVE_MSG_NOSIGNAL 1
| /* end confdefs.h.  */
| 
|       #include <bdb/db_cxx.h>
| 
| int
| main ()
| {
| 
|       #if !((DB_VERSION_MAJOR == 4 && DB_VERSION_MINOR >= 8) || DB_VERSION_MAJOR > 4)
|         #error "failed to find bdb 4.8+"
|       #endif
| 
|   ;
|   return 0;
| }
configure:9466: g++ -c -g -O2 -Wall -Wextra -Wformat -Wformat-security -Wno-unused-parameter  -Wstack-protector -fstack-protector-all -fPIE  -DBOOST_SPIRIT_THREADSAFE -DHAVE_BUILD_INFO -D__STDC_FORMAT_MACROS  -U_FORTIFY_SOURCE -D_FORTIFY_SOURCE=2 conftest.cpp >&5
conftest.cpp:28:32: fatal error: libdb/db_cxx.h: No such file or directory
compilation terminated.
configure:9466: $? = 1
configure: failed program was:
| /* confdefs.h */
| #define PACKAGE_NAME "Bitcoin Core"
| #define PACKAGE_TARNAME "bitcoin"
| #define PACKAGE_VERSION "0.9.0"
| #define PACKAGE_STRING "Bitcoin Core 0.9.0"
| #define PACKAGE_BUGREPORT "info@bitcoin.org"
| #define PACKAGE_URL ""
| #define STDC_HEADERS 1
| #define HAVE_SYS_TYPES_H 1
| #define HAVE_SYS_STAT_H 1
| #define HAVE_STDLIB_H 1
| #define HAVE_STRING_H 1
| #define HAVE_MEMORY_H 1
| #define HAVE_STRINGS_H 1
| #define HAVE_INTTYPES_H 1
| #define HAVE_STDINT_H 1
| #define HAVE_UNISTD_H 1
| #define HAVE_PTHREAD 1
| #define HAVE_STDIO_H 1
| #define HAVE_STDLIB_H 1
| #define HAVE_UNISTD_H 1
| #define HAVE_STRINGS_H 1
| #define HAVE_SYS_TYPES_H 1
| #define HAVE_SYS_STAT_H 1
| #define HAVE_MSG_NOSIGNAL 1
| /* end confdefs.h.  */
| 
|       #include <libdb/db_cxx.h>
| 
| int
| main ()
| {
| 
|       #if !((DB_VERSION_MAJOR == 4 && DB_VERSION_MINOR >= 8) || DB_VERSION_MAJOR > 4)
|         #error "failed to find bdb 4.8+"
|       #endif
| 
|   ;
|   return 0;
| }
configure:9466: g++ -c -g -O2 -Wall -Wextra -Wformat -Wformat-security -Wno-unused-parameter  -Wstack-protector -fstack-protector-all -fPIE  -DBOOST_SPIRIT_THREADSAFE -DHAVE_BUILD_INFO -D__STDC_FORMAT_MACROS  -U_FORTIFY_SOURCE -D_FORTIFY_SOURCE=2 conftest.cpp >&5
conftest.cpp:28:29: fatal error: db/db_cxx.h: No such file or directory
compilation terminated.
configure:9466: $? = 1
configure: failed program was:
| /* confdefs.h */
| #define PACKAGE_NAME "Bitcoin Core"
| #define PACKAGE_TARNAME "bitcoin"
| #define PACKAGE_VERSION "0.9.0"
| #define PACKAGE_STRING "Bitcoin Core 0.9.0"
| #define PACKAGE_BUGREPORT "info@bitcoin.org"
| #define PACKAGE_URL ""
| #define STDC_HEADERS 1
| #define HAVE_SYS_TYPES_H 1
| #define HAVE_SYS_STAT_H 1
| #define HAVE_STDLIB_H 1
| #define HAVE_STRING_H 1
| #define HAVE_MEMORY_H 1
| #define HAVE_STRINGS_H 1
| #define HAVE_INTTYPES_H 1
| #define HAVE_STDINT_H 1
| #define HAVE_UNISTD_H 1
| #define HAVE_PTHREAD 1
| #define HAVE_STDIO_H 1
| #define HAVE_STDLIB_H 1
| #define HAVE_UNISTD_H 1
| #define HAVE_STRINGS_H 1
| #define HAVE_SYS_TYPES_H 1
| #define HAVE_SYS_STAT_H 1
| #define HAVE_MSG_NOSIGNAL 1
| /* end confdefs.h.  */
| 
|       #include <db/db_cxx.h>
| 
| int
| main ()
| {
| 
|       #if !((DB_VERSION_MAJOR == 4 && DB_VERSION_MINOR >= 8) || DB_VERSION_MAJOR > 4)
|         #error "failed to find bdb 4.8+"
|       #endif
| 
|   ;
|   return 0;
| }
configure:9466: g++ -c -g -O2 -Wall -Wextra -Wformat -Wformat-security -Wno-unused-parameter  -Wstack-protector -fstack-protector-all -fPIE  -DBOOST_SPIRIT_THREADSAFE -DHAVE_BUILD_INFO -D__STDC_FORMAT_MACROS  -U_FORTIFY_SOURCE -D_FORTIFY_SOURCE=2 conftest.cpp >&5
configure:9466: $? = 0
configure:9495: g++ -c -g -O2 -Wall -Wextra -Wformat -Wformat-security -Wno-unused-parameter  -Wstack-protector -fstack-protector-all -fPIE  -DBOOST_SPIRIT_THREADSAFE -DHAVE_BUILD_INFO -D__STDC_FORMAT_MACROS  -U_FORTIFY_SOURCE -D_FORTIFY_SOURCE=2 conftest.cpp >&5
configure:9495: $? = 0
configure:9538: result: default
configure:9557: checking for main in -ldb_cxx-4.8
configure:9576: g++ -o conftest -g -O2 -Wall -Wextra -Wformat -Wformat-security -Wno-unused-parameter  -Wstack-protector -fstack-protector-all -fPIE  -DBOOST_SPIRIT_THREADSAFE -DHAVE_BUILD_INFO -D__STDC_FORMAT_MACROS  -U_FORTIFY_SOURCE -D_FORTIFY_SOURCE=2   -Wl,-z,relro -Wl,-z,now -pie conftest.cpp -ldb_cxx-4.8   >&5
configure:9576: $? = 0
configure:9586: result: yes
configure:9607: checking miniupnpc/miniwget.h usability
configure:9607: g++ -c -g -O2 -Wall -Wextra -Wformat -Wformat-security -Wno-unused-parameter  -Wstack-protector -fstack-protector-all -fPIE  -DBOOST_SPIRIT_THREADSAFE -DHAVE_BUILD_INFO -D__STDC_FORMAT_MACROS  -U_FORTIFY_SOURCE -D_FORTIFY_SOURCE=2 conftest.cpp >&5
configure:9607: $? = 0
configure:9607: result: yes
configure:9607: checking miniupnpc/miniwget.h presence
configure:9607: g++ -E  -DBOOST_SPIRIT_THREADSAFE -DHAVE_BUILD_INFO -D__STDC_FORMAT_MACROS  -U_FORTIFY_SOURCE -D_FORTIFY_SOURCE=2 conftest.cpp
configure:9607: $? = 0
configure:9607: result: yes
configure:9607: checking for miniupnpc/miniwget.h
configure:9607: result: yes
configure:9612: checking for main in -lminiupnpc
configure:9631: g++ -o conftest -g -O2 -Wall -Wextra -Wformat -Wformat-security -Wno-unused-parameter  -Wstack-protector -fstack-protector-all -fPIE  -DBOOST_SPIRIT_THREADSAFE -DHAVE_BUILD_INFO -D__STDC_FORMAT_MACROS  -U_FORTIFY_SOURCE -D_FORTIFY_SOURCE=2   -Wl,-z,relro -Wl,-z,now -pie conftest.cpp -lminiupnpc   >&5
configure:9631: $? = 0
configure:9640: result: yes
configure:9607: checking miniupnpc/miniupnpc.h usability
configure:9607: g++ -c -g -O2 -Wall -Wextra -Wformat -Wformat-security -Wno-unused-parameter  -Wstack-protector -fstack-protector-all -fPIE  -DBOOST_SPIRIT_THREADSAFE -DHAVE_BUILD_INFO -D__STDC_FORMAT_MACROS  -U_FORTIFY_SOURCE -D_FORTIFY_SOURCE=2 conftest.cpp >&5
configure:9607: $? = 0
configure:9607: result: yes
configure:9607: checking miniupnpc/miniupnpc.h presence
configure:9607: g++ -E  -DBOOST_SPIRIT_THREADSAFE -DHAVE_BUILD_INFO -D__STDC_FORMAT_MACROS  -U_FORTIFY_SOURCE -D_FORTIFY_SOURCE=2 conftest.cpp
configure:9607: $? = 0
configure:9607: result: yes
configure:9607: checking for miniupnpc/miniupnpc.h
configure:9607: result: yes
configure:9612: checking for main in -lminiupnpc
configure:9640: result: yes
configure:9607: checking miniupnpc/upnpcommands.h usability
configure:9607: g++ -c -g -O2 -Wall -Wextra -Wformat -Wformat-security -Wno-unused-parameter  -Wstack-protector -fstack-protector-all -fPIE  -DBOOST_SPIRIT_THREADSAFE -DHAVE_BUILD_INFO -D__STDC_FORMAT_MACROS  -U_FORTIFY_SOURCE -D_FORTIFY_SOURCE=2 conftest.cpp >&5
configure:9607: $? = 0
configure:9607: result: yes
configure:9607: checking miniupnpc/upnpcommands.h presence
configure:9607: g++ -E  -DBOOST_SPIRIT_THREADSAFE -DHAVE_BUILD_INFO -D__STDC_FORMAT_MACROS  -U_FORTIFY_SOURCE -D_FORTIFY_SOURCE=2 conftest.cpp
configure:9607: $? = 0
configure:9607: result: yes
configure:9607: checking for miniupnpc/upnpcommands.h
configure:9607: result: yes
configure:9612: checking for main in -lminiupnpc
configure:9640: result: yes
configure:9607: checking miniupnpc/upnperrors.h usability
configure:9607: g++ -c -g -O2 -Wall -Wextra -Wformat -Wformat-security -Wno-unused-parameter  -Wstack-protector -fstack-protector-all -fPIE  -DBOOST_SPIRIT_THREADSAFE -DHAVE_BUILD_INFO -D__STDC_FORMAT_MACROS  -U_FORTIFY_SOURCE -D_FORTIFY_SOURCE=2 conftest.cpp >&5
configure:9607: $? = 0
configure:9607: result: yes
configure:9607: checking miniupnpc/upnperrors.h presence
configure:9607: g++ -E  -DBOOST_SPIRIT_THREADSAFE -DHAVE_BUILD_INFO -D__STDC_FORMAT_MACROS  -U_FORTIFY_SOURCE -D_FORTIFY_SOURCE=2 conftest.cpp
configure:9607: $? = 0
configure:9607: result: yes
configure:9607: checking for miniupnpc/upnperrors.h
configure:9607: result: yes
configure:9612: checking for main in -lminiupnpc
configure:9640: result: yes
configure:9710: checking for boostlib >= 1.20.0
configure:9784: g++ -c -g -O2 -Wall -Wextra -Wformat -Wformat-security -Wno-unused-parameter  -Wstack-protector -fstack-protector-all -fPIE  -DBOOST_SPIRIT_THREADSAFE -DHAVE_BUILD_INFO -D__STDC_FORMAT_MACROS  -U_FORTIFY_SOURCE -D_FORTIFY_SOURCE=2 -I/usr/include conftest.cpp >&5
configure:9784: $? = 0
configure:9786: result: yes
configure:9970: checking whether the Boost::System library is available
configure:9994: g++ -c -g -O2 -Wall -Wextra -Wformat -Wformat-security -Wno-unused-parameter  -Wstack-protector -fstack-protector-all -fPIE  -DBOOST_SPIRIT_THREADSAFE -DHAVE_BUILD_INFO -D__STDC_FORMAT_MACROS  -U_FORTIFY_SOURCE -D_FORTIFY_SOURCE=2 -I/usr/include conftest.cpp >&5
conftest.cpp: In function 'int main()':
conftest.cpp:41:3: warning: statement is a reference, not call, to function 'boost::system::system_category' [-Waddress]
conftest.cpp:41:3: warning: statement has no effect [-Wunused-value]
configure:9994: $? = 0
configure:10009: result: yes
configure:10024: checking for exit in -lboost_system
configure:10049: g++ -o conftest -g -O2 -Wall -Wextra -Wformat -Wformat-security -Wno-unused-parameter  -Wstack-protector -fstack-protector-all -fPIE  -DBOOST_SPIRIT_THREADSAFE -DHAVE_BUILD_INFO -D__STDC_FORMAT_MACROS  -U_FORTIFY_SOURCE -D_FORTIFY_SOURCE=2 -I/usr/include   -Wl,-z,relro -Wl,-z,now -pie -L/usr/lib conftest.cpp -lboost_system  -lminiupnpc -lminiupnpc -lminiupnpc -lminiupnpc  >&5
configure:10049: $? = 0
configure:10059: result: yes
configure:10214: checking whether the Boost::Filesystem library is available
configure:10238: g++ -c -g -O2 -Wall -Wextra -Wformat -Wformat-security -Wno-unused-parameter  -Wstack-protector -fstack-protector-all -fPIE  -DBOOST_SPIRIT_THREADSAFE -DHAVE_BUILD_INFO -D__STDC_FORMAT_MACROS  -U_FORTIFY_SOURCE -D_FORTIFY_SOURCE=2 -I/usr/include conftest.cpp >&5
configure:10238: $? = 0
configure:10252: result: yes
configure:10263: checking for exit in -lboost_filesystem
configure:10288: g++ -o conftest -g -O2 -Wall -Wextra -Wformat -Wformat-security -Wno-unused-parameter  -Wstack-protector -fstack-protector-all -fPIE  -DBOOST_SPIRIT_THREADSAFE -DHAVE_BUILD_INFO -D__STDC_FORMAT_MACROS  -U_FORTIFY_SOURCE -D_FORTIFY_SOURCE=2 -I/usr/include   -Wl,-z,relro -Wl,-z,now -pie -L/usr/lib conftest.cpp -lboost_filesystem  -lminiupnpc -lminiupnpc -lminiupnpc -lminiupnpc  -lboost_system >&5
configure:10288: $? = 0
configure:10298: result: yes
configure:10448: checking whether the Boost::Program_Options library is available
configure:10472: g++ -c -g -O2 -Wall -Wextra -Wformat -Wformat-security -Wno-unused-parameter  -Wstack-protector -fstack-protector-all -fPIE  -DBOOST_SPIRIT_THREADSAFE -DHAVE_BUILD_INFO -D__STDC_FORMAT_MACROS  -U_FORTIFY_SOURCE -D_FORTIFY_SOURCE=2 -I/usr/include conftest.cpp >&5
configure:10472: $? = 0
configure:10486: result: yes
configure:10497: checking for exit in -lboost_program_options-mt
configure:10522: g++ -o conftest -g -O2 -Wall -Wextra -Wformat -Wformat-security -Wno-unused-parameter  -Wstack-protector -fstack-protector-all -fPIE  -DBOOST_SPIRIT_THREADSAFE -DHAVE_BUILD_INFO -D__STDC_FORMAT_MACROS  -U_FORTIFY_SOURCE -D_FORTIFY_SOURCE=2 -I/usr/include   -Wl,-z,relro -Wl,-z,now -pie -L/usr/lib conftest.cpp -lboost_program_options-mt  -lminiupnpc -lminiupnpc -lminiupnpc -lminiupnpc  >&5
configure:10522: $? = 0
configure:10532: result: yes
configure:10675: checking whether the Boost::Thread library is available
configure:10707: g++ -c -pthread -g -O2 -Wall -Wextra -Wformat -Wformat-security -Wno-unused-parameter  -Wstack-protector -fstack-protector-all -fPIE  -DBOOST_SPIRIT_THREADSAFE -DHAVE_BUILD_INFO -D__STDC_FORMAT_MACROS  -U_FORTIFY_SOURCE -D_FORTIFY_SOURCE=2 -I/usr/include conftest.cpp >&5
configure:10707: $? = 0
configure:10722: result: yes
configure:10751: checking for exit in -lboost_thread
configure:10776: g++ -o conftest -g -O2 -Wall -Wextra -Wformat -Wformat-security -Wno-unused-parameter  -Wstack-protector -fstack-protector-all -fPIE  -DBOOST_SPIRIT_THREADSAFE -DHAVE_BUILD_INFO -D__STDC_FORMAT_MACROS  -U_FORTIFY_SOURCE -D_FORTIFY_SOURCE=2 -I/usr/include   -Wl,-z,relro -Wl,-z,now -pie -L/usr/lib conftest.cpp -lboost_thread  -lminiupnpc -lminiupnpc -lminiupnpc -lminiupnpc  >&5
configure:10776: $? = 0
configure:10786: result: yes
configure:10946: checking whether the Boost::Chrono library is available
configure:10970: g++ -c -g -O2 -Wall -Wextra -Wformat -Wformat-security -Wno-unused-parameter  -Wstack-protector -fstack-protector-all -fPIE  -DBOOST_SPIRIT_THREADSAFE -DHAVE_BUILD_INFO -D__STDC_FORMAT_MACROS  -U_FORTIFY_SOURCE -D_FORTIFY_SOURCE=2 -pthread -I/usr/include conftest.cpp >&5
configure:10970: $? = 0
configure:10985: result: yes
configure:11000: checking for exit in -lboost_chrono-mt
configure:11025: g++ -o conftest -g -O2 -Wall -Wextra -Wformat -Wformat-security -Wno-unused-parameter  -Wstack-protector -fstack-protector-all -fPIE  -DBOOST_SPIRIT_THREADSAFE -DHAVE_BUILD_INFO -D__STDC_FORMAT_MACROS  -U_FORTIFY_SOURCE -D_FORTIFY_SOURCE=2 -pthread -I/usr/include   -Wl,-z,relro -Wl,-z,now -pie -L/usr/lib conftest.cpp -lboost_chrono-mt  -lminiupnpc -lminiupnpc -lminiupnpc -lminiupnpc  >&5
configure:11025: $? = 0
configure:11035: result: yes
configure:11194: checking whether the Boost::Unit_Test_Framework library is available
configure:11217: g++ -c -g -O2 -Wall -Wextra -Wformat -Wformat-security -Wno-unused-parameter  -Wstack-protector -fstack-protector-all -fPIE  -DBOOST_SPIRIT_THREADSAFE -DHAVE_BUILD_INFO -D__STDC_FORMAT_MACROS  -U_FORTIFY_SOURCE -D_FORTIFY_SOURCE=2 -pthread -I/usr/include conftest.cpp >&5
conftest.cpp: In function 'int main()':
conftest.cpp:46:21: warning: unused variable 'test' [-Wunused-variable]
configure:11217: $? = 0
configure:11231: result: yes
configure:11342: checking for dynamic linked boost test
configure:11357: g++ -o conftest -g -O2 -Wall -Wextra -Wformat -Wformat-security -Wno-unused-parameter  -Wstack-protector -fstack-protector-all -fPIE  -DBOOST_SPIRIT_THREADSAFE -DHAVE_BUILD_INFO -D__STDC_FORMAT_MACROS  -U_FORTIFY_SOURCE -D_FORTIFY_SOURCE=2 -pthread -I/usr/include   -Wl,-z,relro -Wl,-z,now -pie conftest.cpp -lminiupnpc -lminiupnpc -lminiupnpc -lminiupnpc  -lboost_unit_test_framework-mt >&5
configure:11357: $? = 0
configure:11358: result: yes
configure:11401: g++ -o conftest -g -O2 -Wall -Wextra -Wformat -Wformat-security -Wno-unused-parameter  -Wstack-protector -fstack-protector-all -fPIE  -DBOOST_SPIRIT_THREADSAFE -DHAVE_BUILD_INFO -D__STDC_FORMAT_MACROS  -U_FORTIFY_SOURCE -D_FORTIFY_SOURCE=2 -pthread -I/usr/include   -Wl,-z,relro -Wl,-z,now -pie conftest.cpp -lminiupnpc -lminiupnpc -lminiupnpc -lminiupnpc  -L/usr/lib -lboost_system -lboost_filesystem -lboost_program_options-mt -lboost_thread -lboost_chrono-mt  >&5
conftest.cpp: In function 'int main()':
conftest.cpp:53:4: error: 'choke' was not declared in this scope
conftest.cpp:53:10: error: expected ';' before 'me'
configure:11401: $? = 1
configure: failed program was:
| /* confdefs.h */
| #define PACKAGE_NAME "Bitcoin Core"
| #define PACKAGE_TARNAME "bitcoin"
| #define PACKAGE_VERSION "0.9.0"
| #define PACKAGE_STRING "Bitcoin Core 0.9.0"
| #define PACKAGE_BUGREPORT "info@bitcoin.org"
| #define PACKAGE_URL ""
| #define STDC_HEADERS 1
| #define HAVE_SYS_TYPES_H 1
| #define HAVE_SYS_STAT_H 1
| #define HAVE_STDLIB_H 1
| #define HAVE_STRING_H 1
| #define HAVE_MEMORY_H 1
| #define HAVE_STRINGS_H 1
| #define HAVE_INTTYPES_H 1
| #define HAVE_STDINT_H 1
| #define HAVE_UNISTD_H 1
| #define HAVE_PTHREAD 1
| #define HAVE_STDIO_H 1
| #define HAVE_STDLIB_H 1
| #define HAVE_UNISTD_H 1
| #define HAVE_STRINGS_H 1
| #define HAVE_SYS_TYPES_H 1
| #define HAVE_SYS_STAT_H 1
| #define HAVE_MSG_NOSIGNAL 1
| #define HAVE_MINIUPNPC_MINIWGET_H 1
| #define HAVE_LIBMINIUPNPC 1
| #define HAVE_MINIUPNPC_MINIUPNPC_H 1
| #define HAVE_LIBMINIUPNPC 1
| #define HAVE_MINIUPNPC_UPNPCOMMANDS_H 1
| #define HAVE_LIBMINIUPNPC 1
| #define HAVE_MINIUPNPC_UPNPERRORS_H 1
| #define HAVE_LIBMINIUPNPC 1
| #define HAVE_BOOST /**/
| #define HAVE_BOOST_SYSTEM /**/
| #define HAVE_BOOST_FILESYSTEM /**/
| #define HAVE_BOOST_PROGRAM_OPTIONS /**/
| #define HAVE_BOOST_THREAD /**/
| #define HAVE_BOOST_CHRONO /**/
| #define HAVE_BOOST_UNIT_TEST_FRAMEWORK /**/
| /* end confdefs.h.  */
| 
|   #include <boost/thread/thread.hpp>
|   #include <boost/version.hpp>
| 
| int
| main ()
| {
| 
|   #if BOOST_VERSION >= 105000 && (!defined(BOOST_HAS_NANOSLEEP) || BOOST_VERSION >= 105200)
|       boost::this_thread::sleep_for(boost::chrono::milliseconds(0));
|   #else
|    choke me
|   #endif
| 
|   ;
|   return 0;
| }
configure:11441: g++ -o conftest -g -O2 -Wall -Wextra -Wformat -Wformat-security -Wno-unused-parameter  -Wstack-protector -fstack-protector-all -fPIE  -DBOOST_SPIRIT_THREADSAFE -DHAVE_BUILD_INFO -D__STDC_FORMAT_MACROS  -U_FORTIFY_SOURCE -D_FORTIFY_SOURCE=2 -pthread -I/usr/include   -Wl,-z,relro -Wl,-z,now -pie conftest.cpp -lminiupnpc -lminiupnpc -lminiupnpc -lminiupnpc  -L/usr/lib -lboost_system -lboost_filesystem -lboost_program_options-mt -lboost_thread >&5
configure:11441: $? = 0
configure:11537: checking for SSL
configure:11544: $PKG_CONFIG --exists --print-errors "libssl"
configure:11547: $? = 0
configure:11561: $PKG_CONFIG --exists --print-errors "libssl"
configure:11564: $? = 0
configure:11602: result: yes
configure:11608: checking for CRYPTO
configure:11615: $PKG_CONFIG --exists --print-errors "libcrypto"
configure:11618: $? = 0
configure:11632: $PKG_CONFIG --exists --print-errors "libcrypto"
configure:11635: $? = 0
configure:11673: result: yes
configure:11682: checking for PROTOBUF
configure:11689: $PKG_CONFIG --exists --print-errors "protobuf"
configure:11692: $? = 0
configure:11706: $PKG_CONFIG --exists --print-errors "protobuf"
configure:11709: $? = 0
configure:11767: result: yes
configure:11782: checking for QR
configure:11789: $PKG_CONFIG --exists --print-errors "libqrencode"
Package libqrencode was not found in the pkg-config search path.
Perhaps you should add the directory containing `libqrencode.pc'
to the PKG_CONFIG_PATH environment variable
No package 'libqrencode' found
configure:11792: $? = 1
configure:11806: $PKG_CONFIG --exists --print-errors "libqrencode"
Package libqrencode was not found in the pkg-config search path.
Perhaps you should add the directory containing `libqrencode.pc'
to the PKG_CONFIG_PATH environment variable
No package 'libqrencode' found
configure:11809: $? = 1
configure:11823: result: no
No package 'libqrencode' found
configure:12146: checking for protoc
configure:12164: found /usr/bin/protoc
configure:12176: result: /usr/bin/protoc
configure:12209: checking whether to build bitcoind
configure:12219: result: yes
configure:12222: checking whether to build bitcoin-cli
configure:12232: result: yes
configure:12343: checking for QT
configure:12350: $PKG_CONFIG --exists --print-errors "$qt4_modules"
configure:12353: $? = 0
configure:12367: $PKG_CONFIG --exists --print-errors "$qt4_modules"
configure:12370: $? = 0
configure:12408: result: yes
configure:12587: checking for QT_TEST
configure:12594: $PKG_CONFIG --exists --print-errors "${QT_LIB_PREFIX}Test"
configure:12597: $? = 0
configure:12611: $PKG_CONFIG --exists --print-errors "${QT_LIB_PREFIX}Test"
configure:12614: $? = 0
configure:12652: result: yes
configure:12659: checking for QT_DBUS
configure:12666: $PKG_CONFIG --exists --print-errors "${QT_LIB_PREFIX}DBus"
configure:12669: $? = 0
configure:12683: $PKG_CONFIG --exists --print-errors "${QT_LIB_PREFIX}DBus"
configure:12686: $? = 0
configure:12724: result: yes
configure:13724: checking for moc-qt4
configure:13742: found /usr/bin/moc-qt4
configure:13754: result: /usr/bin/moc-qt4
configure:13842: checking for uic-qt4
configure:13860: found /usr/bin/uic-qt4
configure:13872: result: /usr/bin/uic-qt4
configure:13960: checking for rcc-qt4
configure:13993: result: no
configure:13960: checking for rcc4
configure:13993: result: no
configure:13960: checking for rcc
configure:13978: found /usr/bin/rcc
configure:13990: result: /usr/bin/rcc
configure:14078: checking for lrelease-qt4
configure:14096: found /usr/bin/lrelease-qt4
configure:14108: result: /usr/bin/lrelease-qt4
configure:14196: checking for lupdate-qt4
configure:14214: found /usr/bin/lupdate-qt4
configure:14226: result: /usr/bin/lupdate-qt4
configure:14364: checking whether to build Bitcoin Core GUI
configure:14394: result: yes (Qt4)
configure:14411: checking for operating system IPv6 support
configure:14437: g++ -o conftest -g -O2 -Wall -Wextra -Wformat -Wformat-security -Wno-unused-parameter  -Wstack-protector -fstack-protector-all -fPIE  -DBOOST_SPIRIT_THREADSAFE -DHAVE_BUILD_INFO -D__STDC_FORMAT_MACROS  -U_FORTIFY_SOURCE -D_FORTIFY_SOURCE=2   -Wl,-z,relro -Wl,-z,now -pie conftest.cpp -lminiupnpc -lminiupnpc -lminiupnpc -lminiupnpc  -lssl -lcrypto   -lcrypto   >&5
conftest.cpp: In function 'int main()':
conftest.cpp:57:19: warning: unused variable 'ipv6Addr' [-Wunused-variable]
conftest.cpp:58:23: warning: unused variable 'addr' [-Wunused-variable]
conftest.cpp:60:7: warning: unused variable 'temp' [-Wunused-variable]
configure:14437: $? = 0
configure:14438: result: yes
configure:14457: checking if ccache should be used
configure:14470: result: no
configure:14474: checking if wallet should be enabled
configure:14477: result: yes
configure:14490: checking whether to build with support for IPv6
configure:14500: result: yes
configure:14511: checking whether to build with support for UPnP
configure:14521: result: yes
configure:14523: checking whether to build with UPnP enabled by default
configure:14531: result: no
configure:14549: checking whether to build GUI with support for D-Bus
configure:14556: result: yes
configure:14559: checking whether to build GUI with support for QR codes
configure:14565: result: no
configure:14582: WARNING: "xgettext is required to update qt translations"
configure:14586: checking whether to build test_bitcoin-qt
configure:14589: result: yes
configure:14598: checking whether to build test_bitcoin
configure:14601: result: yes
configure:14901: creating ./config.status

## ---------------------- ##
## Running config.status. ##
## ---------------------- ##

This file was extended by Bitcoin Core config.status 0.9.0, which was
generated by GNU Autoconf 2.68.  Invocation command line was

  CONFIG_FILES    = 
  CONFIG_HEADERS  = 
  CONFIG_LINKS    = 
  CONFIG_COMMANDS = 
  $ ./config.status 

on ubuntu

config.status:1032: creating Makefile
config.status:1032: creating src/Makefile
config.status:1032: creating src/test/Makefile
config.status:1032: creating src/qt/Makefile
config.status:1032: creating src/qt/test/Makefile
config.status:1032: creating share/setup.nsi
config.status:1032: creating share/qt/Info.plist
config.status:1032: creating qa/pull-tester/run-bitcoind-for-test.sh
config.status:1032: creating qa/pull-tester/build-tests.sh
config.status:1032: creating src/bitcoin-config.h
config.status:1213: src/bitcoin-config.h is unchanged
config.status:1261: executing depfiles commands

## ---------------- ##
## Cache variables. ##
## ---------------- ##

ac_cv_build=x86_64-unknown-linux-gnu
ac_cv_c_bigendian=no
ac_cv_c_compiler_gnu=yes
ac_cv_cxx_compiler_gnu=yes
ac_cv_env_CCC_set=
ac_cv_env_CCC_value=
ac_cv_env_CC_set=
ac_cv_env_CC_value=
ac_cv_env_CFLAGS_set=
ac_cv_env_CFLAGS_value=
ac_cv_env_CPPFLAGS_set=
ac_cv_env_CPPFLAGS_value=
ac_cv_env_CPP_set=
ac_cv_env_CPP_value=
ac_cv_env_CRYPTO_CFLAGS_set=
ac_cv_env_CRYPTO_CFLAGS_value=
ac_cv_env_CRYPTO_LIBS_set=
ac_cv_env_CRYPTO_LIBS_value=
ac_cv_env_CXXCPP_set=
ac_cv_env_CXXCPP_value=
ac_cv_env_CXXFLAGS_set=
ac_cv_env_CXXFLAGS_value=
ac_cv_env_CXX_set=
ac_cv_env_CXX_value=
ac_cv_env_LDFLAGS_set=
ac_cv_env_LDFLAGS_value=
ac_cv_env_LIBS_set=
ac_cv_env_LIBS_value=
ac_cv_env_OBJCFLAGS_set=
ac_cv_env_OBJCFLAGS_value=
ac_cv_env_OBJCXXFLAGS_set=
ac_cv_env_OBJCXXFLAGS_value=
ac_cv_env_OBJCXX_set=
ac_cv_env_OBJCXX_value=
ac_cv_env_OBJC_set=
ac_cv_env_OBJC_value=
ac_cv_env_PKG_CONFIG_LIBDIR_set=
ac_cv_env_PKG_CONFIG_LIBDIR_value=
ac_cv_env_PKG_CONFIG_PATH_set=
ac_cv_env_PKG_CONFIG_PATH_value=
ac_cv_env_PKG_CONFIG_set=
ac_cv_env_PKG_CONFIG_value=
ac_cv_env_PROTOBUF_CFLAGS_set=
ac_cv_env_PROTOBUF_CFLAGS_value=
ac_cv_env_PROTOBUF_LIBS_set=
ac_cv_env_PROTOBUF_LIBS_value=
ac_cv_env_QR_CFLAGS_set=
ac_cv_env_QR_CFLAGS_value=
ac_cv_env_QR_LIBS_set=
ac_cv_env_QR_LIBS_value=
ac_cv_env_QT_CFLAGS_set=
ac_cv_env_QT_CFLAGS_value=
ac_cv_env_QT_DBUS_CFLAGS_set=
ac_cv_env_QT_DBUS_CFLAGS_value=
ac_cv_env_QT_DBUS_LIBS_set=
ac_cv_env_QT_DBUS_LIBS_value=
ac_cv_env_QT_LIBS_set=
ac_cv_env_QT_LIBS_value=
ac_cv_env_QT_TEST_CFLAGS_set=
ac_cv_env_QT_TEST_CFLAGS_value=
ac_cv_env_QT_TEST_LIBS_set=
ac_cv_env_QT_TEST_LIBS_value=
ac_cv_env_SSL_CFLAGS_set=
ac_cv_env_SSL_CFLAGS_value=
ac_cv_env_SSL_LIBS_set=
ac_cv_env_SSL_LIBS_value=
ac_cv_env_build_alias_set=
ac_cv_env_build_alias_value=
ac_cv_env_host_alias_set=
ac_cv_env_host_alias_value=
ac_cv_env_target_alias_set=
ac_cv_env_target_alias_value=
ac_cv_header_inttypes_h=yes
ac_cv_header_memory_h=yes
ac_cv_header_miniupnpc_miniupnpc_h=yes
ac_cv_header_miniupnpc_miniwget_h=yes
ac_cv_header_miniupnpc_upnpcommands_h=yes
ac_cv_header_miniupnpc_upnperrors_h=yes
ac_cv_header_stdc=yes
ac_cv_header_stdint_h=yes
ac_cv_header_stdio_h=yes
ac_cv_header_stdlib_h=yes
ac_cv_header_string_h=yes
ac_cv_header_strings_h=yes
ac_cv_header_sys_stat_h=yes
ac_cv_header_sys_types_h=yes
ac_cv_header_unistd_h=yes
ac_cv_host=x86_64-unknown-linux-gnu
ac_cv_lib_boost_chrono_mt___exit=yes
ac_cv_lib_boost_filesystem___exit=yes
ac_cv_lib_boost_program_options_mt___exit=yes
ac_cv_lib_boost_system___exit=yes
ac_cv_lib_boost_thread___exit=yes
ac_cv_lib_db_cxx_4_8___main=yes
ac_cv_lib_miniupnpc_main=yes
ac_cv_objc_compiler_gnu=no
ac_cv_objcxx_compiler_gnu=no
ac_cv_objext=o
ac_cv_path_EGREP='/bin/grep -E'
ac_cv_path_GIT=/usr/bin/git
ac_cv_path_GREP=/bin/grep
ac_cv_path_HEXDUMP=/usr/bin/hexdump
ac_cv_path_LRELEASE=/usr/bin/lrelease-qt4
ac_cv_path_LUPDATE=/usr/bin/lupdate-qt4
ac_cv_path_MOC=/usr/bin/moc-qt4
ac_cv_path_PROTOC=/usr/bin/protoc
ac_cv_path_RCC=/usr/bin/rcc
ac_cv_path_SED=/bin/sed
ac_cv_path_UIC=/usr/bin/uic-qt4
ac_cv_path_ac_pt_AR=/usr/bin/ar
ac_cv_path_ac_pt_GCOV=/usr/bin/gcov
ac_cv_path_ac_pt_PKG_CONFIG=/usr/bin/pkg-config
ac_cv_path_ac_pt_RANLIB=/usr/bin/ranlib
ac_cv_path_ac_pt_STRIP=/usr/bin/strip
ac_cv_path_install='/usr/bin/install -c'
ac_cv_path_mkdir=/bin/mkdir
ac_cv_prog_AWK=mawk
ac_cv_prog_CPP='gcc -E'
ac_cv_prog_CXXCPP='g++ -E'
ac_cv_prog_ac_ct_CC=gcc
ac_cv_prog_ac_ct_CXX=g++
ac_cv_prog_ac_ct_OBJC=gcc
ac_cv_prog_ac_ct_OBJCXX=g++
ac_cv_prog_cc_c89=
ac_cv_prog_cc_g=yes
ac_cv_prog_cxx_g=yes
ac_cv_prog_make_make_set=yes
ac_cv_prog_objc_g=no
ac_cv_prog_objcxx_g=no
ac_cv_sys_file_offset_bits=no
ac_cv_sys_largefile_CC=no
am_cv_CC_dependencies_compiler_type=gcc3
am_cv_CXX_dependencies_compiler_type=gcc3
am_cv_OBJC_dependencies_compiler_type=gcc3
am_cv_make_support_nested_variables=yes
ax_cv_PTHREAD_PRIO_INHERIT=no
ax_cv_boost_chrono=yes
ax_cv_boost_filesystem=yes
ax_cv_boost_program_options=yes
ax_cv_boost_system=yes
ax_cv_boost_thread=yes
ax_cv_boost_unit_test_framework=yes
ax_cv_check_cxxcppflags___D_FORTIFY_SOURCE_2=yes
ax_cv_check_cxxcppflags___U_FORTIFY_SOURCE=yes
ax_cv_check_cxxflags___Wstack_protector=yes
ax_cv_check_cxxflags___fPIE=yes
ax_cv_check_cxxflags___fstack_protector_all=yes
ax_cv_check_ldflags___Wl___dynamicbase=no
ax_cv_check_ldflags___Wl___large_address_aware=no
ax_cv_check_ldflags___Wl___nxcompat=no
ax_cv_check_ldflags___Wl__z_now=yes
ax_cv_check_ldflags___Wl__z_relro=yes
ax_cv_check_ldflags___pie=yes
pkg_cv_CRYPTO_CFLAGS=' '
pkg_cv_CRYPTO_LIBS='-lcrypto  '
pkg_cv_PROTOBUF_CFLAGS='-pthread  '
pkg_cv_PROTOBUF_LIBS='-pthread -lprotobuf -lz -lpthread  '
pkg_cv_QT_CFLAGS='-DQT_SHARED -I/usr/include/qt4 -I/usr/include/qt4/QtCore -I/usr/include/qt4/QtGui -I/usr/include/qt4/QtNetwork  '
pkg_cv_QT_DBUS_CFLAGS='-DQT_SHARED -I/usr/include/qt4 -I/usr/include/qt4/QtDBus -I/usr/include/qt4/QtCore -I/usr/include/qt4/QtXml  '
pkg_cv_QT_DBUS_LIBS='-lQtDBus -lQtXml -lQtCore  '
pkg_cv_QT_LIBS='-lQtGui -lQtNetwork -lQtCore  '
pkg_cv_QT_TEST_CFLAGS='-DQT_SHARED -I/usr/include/qt4 -I/usr/include/qt4/QtTest  '
pkg_cv_QT_TEST_LIBS='-lQtTest  '
pkg_cv_SSL_CFLAGS=' '
pkg_cv_SSL_LIBS='-lssl -lcrypto  '

## ----------------- ##
## Output variables. ##
## ----------------- ##

ACLOCAL='${SHELL} /home/scott/Desktop/bitcoin/src/build-aux/missing --run aclocal-1.11'
AMDEPBACKSLASH='\'
AMDEP_FALSE='#'
AMDEP_TRUE=''
AMTAR='$${TAR-tar}'
AM_BACKSLASH='\'
AM_DEFAULT_V='$(AM_DEFAULT_VERBOSITY)'
AM_DEFAULT_VERBOSITY='0'
AM_V='$(V)'
AR='/usr/bin/ar'
AUTOCONF='${SHELL} /home/scott/Desktop/bitcoin/src/build-aux/missing --run autoconf'
AUTOHEADER='${SHELL} /home/scott/Desktop/bitcoin/src/build-aux/missing --run autoheader'
AUTOMAKE='${SHELL} /home/scott/Desktop/bitcoin/src/build-aux/missing --run automake-1.11'
AWK='mawk'
BDB_CPPFLAGS=''
BDB_LIBS='-ldb_cxx-4.8'
BOOST_CHRONO_LIB='-lboost_chrono-mt '
BOOST_CPPFLAGS='-pthread -I/usr/include'
BOOST_FILESYSTEM_LIB='-lboost_filesystem'
BOOST_LDFLAGS='-L/usr/lib'
BOOST_LIBS='-L/usr/lib -lboost_system -lboost_filesystem -lboost_program_options-mt -lboost_thread'
BOOST_PROGRAM_OPTIONS_LIB='-lboost_program_options-mt'
BOOST_SYSTEM_LIB='-lboost_system'
BOOST_THREAD_LIB='-lboost_thread'
BOOST_UNIT_TEST_FRAMEWORK_LIB='-lboost_unit_test_framework-mt'
BREW=''
BUILD_BITCOIND_FALSE='#'
BUILD_BITCOIND_TRUE=''
BUILD_BITCOIN_CLI_FALSE='#'
BUILD_BITCOIN_CLI_TRUE=''
BUILD_QT='qt'
BUILD_TEST='test'
BUILD_TEST_QT='test'
CC='gcc'
CCACHE=''
CCDEPMODE='depmode=gcc3'
CFLAGS='-g -O2'
CLIENT_VERSION_BUILD='0'
CLIENT_VERSION_IS_RELEASE='true'
CLIENT_VERSION_MAJOR='0'
CLIENT_VERSION_MINOR='9'
CLIENT_VERSION_REVISION='0'
COMPARISON_TOOL_REORG_TESTS='0'
COPYRIGHT_YEAR='2014'
CPP='gcc -E'
CPPFLAGS=' -DBOOST_SPIRIT_THREADSAFE -DHAVE_BUILD_INFO -D__STDC_FORMAT_MACROS  -U_FORTIFY_SOURCE -D_FORTIFY_SOURCE=2'
CRYPTO_CFLAGS=' '
CRYPTO_LIBS='-lcrypto  '
CXX='g++'
CXXCPP='g++ -E'
CXXDEPMODE='depmode=gcc3'
CXXFLAGS='-g -O2 -Wall -Wextra -Wformat -Wformat-security -Wno-unused-parameter  -Wstack-protector -fstack-protector-all -fPIE'
CYGPATH_W='echo'
DEFS='-DHAVE_CONFIG_H'
DEPDIR='.deps'
ECHO_C=''
ECHO_N='-n'
ECHO_T=''
EGREP='/bin/grep -E'
EMBEDDED_LEVELDB_FALSE='#'
EMBEDDED_LEVELDB_TRUE=''
ENABLE_WALLET_FALSE='#'
ENABLE_WALLET_TRUE=''
EXEEXT=''
GCOV='/usr/bin/gcov'
GENHTML=''
GIT='/usr/bin/git'
GREP='/bin/grep'
HEXDUMP='/usr/bin/hexdump'
INCLUDES=' -pthread    '
INSTALL_DATA='${INSTALL} -m 644'
INSTALL_PROGRAM='${INSTALL}'
INSTALL_SCRIPT='${INSTALL}'
INSTALL_STRIP_PROGRAM='$(install_sh) -c -s'
JAVA=''
JAVA_COMPARISON_TOOL=''
LCOV=''
LDFLAGS='  -Wl,-z,relro -Wl,-z,now -pie'
LEVELDB_CPPFLAGS=''
LEVELDB_TARGET_FLAGS=''
LIBLEVELDB=''
LIBMEMENV=''
LIBOBJS=''
LIBS='-lminiupnpc -lminiupnpc -lminiupnpc -lminiupnpc  -lssl -lcrypto   -lcrypto  '
LRELEASE='/usr/bin/lrelease-qt4'
LTLIBOBJS=''
LUPDATE='/usr/bin/lupdate-qt4'
MAINT=''
MAINTAINER_MODE_FALSE='#'
MAINTAINER_MODE_TRUE=''
MAKEINFO='${SHELL} /home/scott/Desktop/bitcoin/src/build-aux/missing --run makeinfo'
MAKENSIS=''
MKDIR_P='/bin/mkdir -p'
MOC='/usr/bin/moc-qt4'
MOC_DEFS='-DHAVE_CONFIG_H -I$(top_srcdir)/src'
OBJC='gcc'
OBJCDEPMODE='depmode=gcc3'
OBJCFLAGS=''
OBJCXX='g++'
OBJCXXFLAGS='-g -O2 -Wall -Wextra -Wformat -Wformat-security -Wno-unused-parameter  -Wstack-protector -fstack-protector-all -fPIE'
OBJEXT='o'
PACKAGE='bitcoin'
PACKAGE_BUGREPORT='info@bitcoin.org'
PACKAGE_NAME='Bitcoin Core'
PACKAGE_STRING='Bitcoin Core 0.9.0'
PACKAGE_TARNAME='bitcoin'
PACKAGE_URL=''
PACKAGE_VERSION='0.9.0'
PATH_SEPARATOR=':'
PKG_CONFIG='/usr/bin/pkg-config'
PKG_CONFIG_LIBDIR=''
PKG_CONFIG_PATH=''
PORT=''
PROTOBUF_CFLAGS='-pthread  '
PROTOBUF_LIBS='-pthread -lprotobuf -lz -lpthread  '
PROTOC='/usr/bin/protoc'
PTHREAD_CC='gcc'
PTHREAD_CFLAGS='-pthread'
PTHREAD_LIBS=''
QR_CFLAGS=''
QR_LIBS=''
QT_CFLAGS='-DQT_SHARED -I/usr/include/qt4 -I/usr/include/qt4/QtCore -I/usr/include/qt4/QtGui -I/usr/include/qt4/QtNetwork  '
QT_DBUS_CFLAGS='-DQT_SHARED -I/usr/include/qt4 -I/usr/include/qt4/QtDBus -I/usr/include/qt4/QtCore -I/usr/include/qt4/QtXml  '
QT_DBUS_INCLUDES='-DQT_SHARED -I/usr/include/qt4 -I/usr/include/qt4/QtDBus -I/usr/include/qt4/QtCore -I/usr/include/qt4/QtXml  '
QT_DBUS_LIBS='-lQtDBus -lQtXml -lQtCore  '
QT_INCLUDES='-DQT_SHARED -I/usr/include/qt4 -I/usr/include/qt4/QtCore -I/usr/include/qt4/QtGui -I/usr/include/qt4/QtNetwork  '
QT_LDFLAGS=''
QT_LIBS='-lQtGui -lQtNetwork -lQtCore  '
QT_SELECT='qt4'
QT_TEST_CFLAGS='-DQT_SHARED -I/usr/include/qt4 -I/usr/include/qt4/QtTest  '
QT_TEST_INCLUDES='-DQT_SHARED -I/usr/include/qt4 -I/usr/include/qt4/QtTest  '
QT_TEST_LIBS='-lQtTest  '
RANLIB='/usr/bin/ranlib'
RCC='/usr/bin/rcc'
SED='/bin/sed'
SET_MAKE=''
SHELL='/bin/bash'
SSL_CFLAGS=' '
SSL_LIBS='-lssl -lcrypto  '
STRIP='/usr/bin/strip'
TARGET_DARWIN_FALSE=''
TARGET_DARWIN_TRUE='#'
TARGET_WINDOWS_FALSE=''
TARGET_WINDOWS_TRUE='#'
TESTDEFS=' -DBOOST_TEST_DYN_LINK'
UIC='/usr/bin/uic-qt4'
USE_COMPARISON_TOOL_FALSE=''
USE_COMPARISON_TOOL_REORG_TESTS_FALSE='#'
USE_COMPARISON_TOOL_REORG_TESTS_TRUE=''
USE_COMPARISON_TOOL_TRUE='#'
USE_IPV6=''
USE_LCOV_FALSE=''
USE_LCOV_TRUE='#'
USE_QRCODE=''
USE_QRCODE_FALSE=''
USE_QRCODE_TRUE='#'
USE_UPNP=''
VERSION='0.9.0'
WINDOWS_BITS=''
WINDRES=''
XGETTEXT=''
ac_ct_CC='gcc'
ac_ct_CXX='g++'
ac_ct_OBJC='gcc'
ac_ct_OBJCXX='g++'
am__EXEEXT_FALSE=''
am__EXEEXT_TRUE='#'
am__fastdepCC_FALSE='#'
am__fastdepCC_TRUE=''
am__fastdepCXX_FALSE='#'
am__fastdepCXX_TRUE=''
am__fastdepOBJC_FALSE='#'
am__fastdepOBJC_TRUE=''
am__include='include'
am__isrc=''
am__leading_dot='.'
am__nodep='_no'
am__quote=''
am__tar='$${TAR-tar} chof - "$$tardir"'
am__untar='$${TAR-tar} xf -'
ax_pthread_config=''
bindir='${exec_prefix}/bin'
build='x86_64-unknown-linux-gnu'
build_alias=''
build_cpu='x86_64'
build_os='linux-gnu'
build_vendor='unknown'
datadir='${datarootdir}'
datarootdir='${prefix}/share'
docdir='${datarootdir}/doc/${PACKAGE_TARNAME}'
dvidir='${docdir}'
exec_prefix='${prefix}'
host='x86_64-unknown-linux-gnu'
host_alias=''
host_cpu='x86_64'
host_os='linux-gnu'
host_vendor='unknown'
htmldir='${docdir}'
includedir='${prefix}/include'
infodir='${datarootdir}/info'
install_sh='${SHELL} /home/scott/Desktop/bitcoin/src/build-aux/install-sh'
libdir='${exec_prefix}/lib'
libexecdir='${exec_prefix}/libexec'
localedir='${datarootdir}/locale'
localstatedir='${prefix}/var'
mandir='${datarootdir}/man'
mkdir_p='/bin/mkdir -p'
oldincludedir='/usr/include'
pdfdir='${docdir}'
prefix='/usr/local'
program_transform_name='s,x,x,'
psdir='${docdir}'
sbindir='${exec_prefix}/sbin'
sharedstatedir='${prefix}/com'
sysconfdir='${prefix}/etc'
target_alias=''

## ----------- ##
## confdefs.h. ##
## ----------- ##

/* confdefs.h */
#define PACKAGE_NAME "Bitcoin Core"
#define PACKAGE_TARNAME "bitcoin"
#define PACKAGE_VERSION "0.9.0"
#define PACKAGE_STRING "Bitcoin Core 0.9.0"
#define PACKAGE_BUGREPORT "info@bitcoin.org"
#define PACKAGE_URL ""
#define STDC_HEADERS 1
#define HAVE_SYS_TYPES_H 1
#define HAVE_SYS_STAT_H 1
#define HAVE_STDLIB_H 1
#define HAVE_STRING_H 1
#define HAVE_MEMORY_H 1
#define HAVE_STRINGS_H 1
#define HAVE_INTTYPES_H 1
#define HAVE_STDINT_H 1
#define HAVE_UNISTD_H 1
#define HAVE_PTHREAD 1
#define HAVE_STDIO_H 1
#define HAVE_STDLIB_H 1
#define HAVE_UNISTD_H 1
#define HAVE_STRINGS_H 1
#define HAVE_SYS_TYPES_H 1
#define HAVE_SYS_STAT_H 1
#define HAVE_MSG_NOSIGNAL 1
#define HAVE_MINIUPNPC_MINIWGET_H 1
#define HAVE_LIBMINIUPNPC 1
#define HAVE_MINIUPNPC_MINIUPNPC_H 1
#define HAVE_LIBMINIUPNPC 1
#define HAVE_MINIUPNPC_UPNPCOMMANDS_H 1
#define HAVE_LIBMINIUPNPC 1
#define HAVE_MINIUPNPC_UPNPERRORS_H 1
#define HAVE_LIBMINIUPNPC 1
#define HAVE_BOOST /**/
#define HAVE_BOOST_SYSTEM /**/
#define HAVE_BOOST_FILESYSTEM /**/
#define HAVE_BOOST_PROGRAM_OPTIONS /**/
#define HAVE_BOOST_THREAD /**/
#define HAVE_BOOST_CHRONO /**/
#define HAVE_BOOST_UNIT_TEST_FRAMEWORK /**/
#define HAVE_WORKING_BOOST_SLEEP 1
#define HAVE_IPV6 1
#define ENABLE_WALLET 1
#define USE_IPV6 1
#define USE_UPNP 0
#define USE_DBUS 1
#define CLIENT_VERSION_MAJOR 0
#define CLIENT_VERSION_MINOR 9
#define CLIENT_VERSION_REVISION 0
#define CLIENT_VERSION_BUILD 0
#define CLIENT_VERSION_IS_RELEASE true
#define COPYRIGHT_YEAR 2014

configure: exit 0
